16:48:43.482 [Test worker] INFO  SpringBootTestContextBootstrapper - Neither @ContextConfiguration nor @ContextHierarchy found for test class [com.imchobo.jsr_stringboot.mapper.StudentMapperTest], using SpringBootContextLoader
16:48:43.513 [Test worker] INFO  AbstractContextLoader - Could not detect default resource locations for test class [com.imchobo.jsr_stringboot.mapper.StudentMapperTest]: no resource found for suffixes {-context.xml, Context.groovy}.
16:48:43.516 [Test worker] INFO  AnnotationConfigContextLoaderUtils - Could not detect default configuration classes for test class [com.imchobo.jsr_stringboot.mapper.StudentMapperTest]: StudentMapperTest does not declare any static, non-private, non-final, nested classes annotated with @Configuration.
16:48:43.676 [Test worker] INFO  SpringBootTestContextBootstrapper - Found @SpringBootConfiguration com.imchobo.jsr_stringboot.JsrStringBootApplication for test class com.imchobo.jsr_stringboot.mapper.StudentMapperTest
16:48:43.796 [Test worker] INFO  SpringBootTestContextBootstrapper - Loaded default TestExecutionListener class names from location [META-INF/spring.factories]: [org.springframework.boot.test.autoconfigure.restdocs.RestDocsTestExecutionListener, org.springframework.boot.test.autoconfigure.web.client.MockRestServiceServerResetTestExecutionListener, org.springframework.boot.test.autoconfigure.web.servlet.MockMvcPrintOnlyOnFailureTestExecutionListener, org.springframework.boot.test.autoconfigure.web.servlet.WebDriverTestExecutionListener, org.springframework.boot.test.autoconfigure.webservices.client.MockWebServiceServerTestExecutionListener, org.springframework.boot.test.mock.mockito.MockitoTestExecutionListener, org.springframework.boot.test.mock.mockito.ResetMocksTestExecutionListener, org.springframework.test.context.web.ServletTestExecutionListener, org.springframework.test.context.support.DirtiesContextBeforeModesTestExecutionListener, org.springframework.test.context.event.ApplicationEventsTestExecutionListener, org.springframework.test.context.support.DependencyInjectionTestExecutionListener, org.springframework.test.context.support.DirtiesContextTestExecutionListener, org.springframework.test.context.transaction.TransactionalTestExecutionListener, org.springframework.test.context.jdbc.SqlScriptsTestExecutionListener, org.springframework.test.context.event.EventPublishingTestExecutionListener]
16:48:43.826 [Test worker] INFO  SpringBootTestContextBootstrapper - Using TestExecutionListeners: [org.springframework.test.context.web.ServletTestExecutionListener@60b85ba1, org.springframework.test.context.support.DirtiesContextBeforeModesTestExecutionListener@492fc69e, org.springframework.test.context.event.ApplicationEventsTestExecutionListener@117632cf, org.springframework.boot.test.mock.mockito.MockitoTestExecutionListener@2fb68ec6, org.springframework.boot.test.autoconfigure.SpringBootDependencyInjectionTestExecutionListener@d71adc2, org.springframework.test.context.support.DirtiesContextTestExecutionListener@3add81c4, org.springframework.test.context.transaction.TransactionalTestExecutionListener@1a1d3c1a, org.springframework.test.context.jdbc.SqlScriptsTestExecutionListener@1c65121, org.springframework.test.context.event.EventPublishingTestExecutionListener@159e366, org.springframework.boot.test.autoconfigure.restdocs.RestDocsTestExecutionListener@57dc9128, org.springframework.boot.test.autoconfigure.web.client.MockRestServiceServerResetTestExecutionListener@24528a25, org.springframework.boot.test.autoconfigure.web.servlet.MockMvcPrintOnlyOnFailureTestExecutionListener@17ae98d7, org.springframework.boot.test.autoconfigure.web.servlet.WebDriverTestExecutionListener@59221b97, org.springframework.boot.test.autoconfigure.webservices.client.MockWebServiceServerTestExecutionListener@6ac4944a, org.springframework.boot.test.mock.mockito.ResetMocksTestExecutionListener@5a772895]
16:48:44.340 [Test worker] WARN  DuplicateJsonObjectContextCustomizerFactory$DuplicateJsonObjectContextCustomizer - 

Found multiple occurrences of org.json.JSONObject on the class path:

	jar:file:/C:/Users/tj/.gradle/caches/modules-2/files-2.1/org.json/json/20240303/ebb88e8fb5122b7506d5cf1d69f1ccdb790d22a/json-20240303.jar!/org/json/JSONObject.class
	jar:file:/C:/Users/tj/.gradle/caches/modules-2/files-2.1/com.vaadin.external.google/android-json/0.0.20131108.vaadin1/fa26d351fe62a6a17f5cda1287c1c6110dec413f/android-json-0.0.20131108.vaadin1.jar!/org/json/JSONObject.class

You may wish to exclude one of them to ensure predictable runtime behavior

16:48:44.368 [Test worker] INFO  StudentMapperTest - Starting StudentMapperTest using Java 21.0.7 on DESKTOP-NBP7RID with PID 8592 (started by tj in C:\Users\tj\jsr_StringBoot)
16:48:44.368 [Test worker] INFO  StudentMapperTest - No active profile set, falling back to 1 default profile: "default"
16:48:48.329 [Test worker] INFO  StdSchedulerFactory - Using default implementation for ThreadExecutor
16:48:48.356 [Test worker] INFO  SchedulerSignalerImpl - Initialized Scheduler Signaller of type: class org.quartz.core.SchedulerSignalerImpl
16:48:48.359 [Test worker] INFO  QuartzScheduler - Quartz Scheduler v.2.3.2 created.
16:48:48.360 [Test worker] INFO  RAMJobStore - RAMJobStore initialized.
16:48:48.365 [Test worker] INFO  QuartzScheduler - Scheduler meta-data: Quartz Scheduler (v2.3.2) 'quartzScheduler' with instanceId 'NON_CLUSTERED'
  Scheduler class: 'org.quartz.core.QuartzScheduler' - running locally.
  NOT STARTED.
  Currently in standby mode.
  Number of jobs executed: 0
  Using thread pool 'org.quartz.simpl.SimpleThreadPool' - with 10 threads.
  Using job-store 'org.quartz.simpl.RAMJobStore' - which does not support persistence. and is not clustered.

16:48:48.375 [Test worker] INFO  StdSchedulerFactory - Quartz scheduler 'quartzScheduler' initialized from an externally provided properties instance.
16:48:48.375 [Test worker] INFO  StdSchedulerFactory - Quartz scheduler version: 2.3.2
16:48:48.377 [Test worker] INFO  QuartzScheduler - JobFactory set to: org.springframework.scheduling.quartz.SpringBeanJobFactory@c262f2f
16:48:48.581 [Test worker] INFO  SchedulerFactoryBean - Starting Quartz Scheduler now
16:48:48.582 [Test worker] INFO  QuartzScheduler - Scheduler quartzScheduler_$_NON_CLUSTERED started.
16:48:48.645 [Test worker] INFO  StudentMapperTest - Started StudentMapperTest in 4.741 seconds (JVM running for 6.687)
16:48:49.466 [SpringApplicationShutdownHook] INFO  QuartzScheduler - Scheduler quartzScheduler_$_NON_CLUSTERED paused.
16:48:49.466 [SpringApplicationShutdownHook] INFO  SchedulerFactoryBean - Shutting down Quartz Scheduler
16:48:49.467 [SpringApplicationShutdownHook] INFO  QuartzScheduler - Scheduler quartzScheduler_$_NON_CLUSTERED shutting down.
16:48:49.467 [SpringApplicationShutdownHook] INFO  QuartzScheduler - Scheduler quartzScheduler_$_NON_CLUSTERED paused.
16:48:49.467 [SpringApplicationShutdownHook] INFO  QuartzScheduler - Scheduler quartzScheduler_$_NON_CLUSTERED shutdown complete.
17:08:09.523 [Test worker] INFO  SpringBootTestContextBootstrapper - Neither @ContextConfiguration nor @ContextHierarchy found for test class [com.imchobo.jsr_stringboot.mapper.StudentMapperTest], using SpringBootContextLoader
17:08:09.536 [Test worker] INFO  AbstractContextLoader - Could not detect default resource locations for test class [com.imchobo.jsr_stringboot.mapper.StudentMapperTest]: no resource found for suffixes {-context.xml, Context.groovy}.
17:08:09.537 [Test worker] INFO  AnnotationConfigContextLoaderUtils - Could not detect default configuration classes for test class [com.imchobo.jsr_stringboot.mapper.StudentMapperTest]: StudentMapperTest does not declare any static, non-private, non-final, nested classes annotated with @Configuration.
17:08:09.666 [Test worker] INFO  SpringBootTestContextBootstrapper - Found @SpringBootConfiguration com.imchobo.jsr_stringboot.JsrStringBootApplication for test class com.imchobo.jsr_stringboot.mapper.StudentMapperTest
17:08:09.783 [Test worker] INFO  SpringBootTestContextBootstrapper - Loaded default TestExecutionListener class names from location [META-INF/spring.factories]: [org.springframework.boot.test.autoconfigure.restdocs.RestDocsTestExecutionListener, org.springframework.boot.test.autoconfigure.web.client.MockRestServiceServerResetTestExecutionListener, org.springframework.boot.test.autoconfigure.web.servlet.MockMvcPrintOnlyOnFailureTestExecutionListener, org.springframework.boot.test.autoconfigure.web.servlet.WebDriverTestExecutionListener, org.springframework.boot.test.autoconfigure.webservices.client.MockWebServiceServerTestExecutionListener, org.springframework.boot.test.mock.mockito.MockitoTestExecutionListener, org.springframework.boot.test.mock.mockito.ResetMocksTestExecutionListener, org.springframework.test.context.web.ServletTestExecutionListener, org.springframework.test.context.support.DirtiesContextBeforeModesTestExecutionListener, org.springframework.test.context.event.ApplicationEventsTestExecutionListener, org.springframework.test.context.support.DependencyInjectionTestExecutionListener, org.springframework.test.context.support.DirtiesContextTestExecutionListener, org.springframework.test.context.transaction.TransactionalTestExecutionListener, org.springframework.test.context.jdbc.SqlScriptsTestExecutionListener, org.springframework.test.context.event.EventPublishingTestExecutionListener]
17:08:09.808 [Test worker] INFO  SpringBootTestContextBootstrapper - Using TestExecutionListeners: [org.springframework.test.context.web.ServletTestExecutionListener@3d829787, org.springframework.test.context.support.DirtiesContextBeforeModesTestExecutionListener@71652c98, org.springframework.test.context.event.ApplicationEventsTestExecutionListener@51bde877, org.springframework.boot.test.mock.mockito.MockitoTestExecutionListener@60b85ba1, org.springframework.boot.test.autoconfigure.SpringBootDependencyInjectionTestExecutionListener@492fc69e, org.springframework.test.context.support.DirtiesContextTestExecutionListener@117632cf, org.springframework.test.context.transaction.TransactionalTestExecutionListener@2fb68ec6, org.springframework.test.context.jdbc.SqlScriptsTestExecutionListener@d71adc2, org.springframework.test.context.event.EventPublishingTestExecutionListener@3add81c4, org.springframework.boot.test.autoconfigure.restdocs.RestDocsTestExecutionListener@1a1d3c1a, org.springframework.boot.test.autoconfigure.web.client.MockRestServiceServerResetTestExecutionListener@1c65121, org.springframework.boot.test.autoconfigure.web.servlet.MockMvcPrintOnlyOnFailureTestExecutionListener@159e366, org.springframework.boot.test.autoconfigure.web.servlet.WebDriverTestExecutionListener@57dc9128, org.springframework.boot.test.autoconfigure.webservices.client.MockWebServiceServerTestExecutionListener@24528a25, org.springframework.boot.test.mock.mockito.ResetMocksTestExecutionListener@17ae98d7]
17:08:10.218 [Test worker] WARN  DuplicateJsonObjectContextCustomizerFactory$DuplicateJsonObjectContextCustomizer - 

Found multiple occurrences of org.json.JSONObject on the class path:

	jar:file:/C:/Users/tj/.gradle/caches/modules-2/files-2.1/org.json/json/20240303/ebb88e8fb5122b7506d5cf1d69f1ccdb790d22a/json-20240303.jar!/org/json/JSONObject.class
	jar:file:/C:/Users/tj/.gradle/caches/modules-2/files-2.1/com.vaadin.external.google/android-json/0.0.20131108.vaadin1/fa26d351fe62a6a17f5cda1287c1c6110dec413f/android-json-0.0.20131108.vaadin1.jar!/org/json/JSONObject.class

You may wish to exclude one of them to ensure predictable runtime behavior

17:08:10.239 [Test worker] INFO  StudentMapperTest - Starting StudentMapperTest using Java 21.0.7 on DESKTOP-NBP7RID with PID 852 (started by tj in C:\Users\tj\jsr_StringBoot)
17:08:10.240 [Test worker] INFO  StudentMapperTest - No active profile set, falling back to 1 default profile: "default"
17:08:13.728 [Test worker] INFO  StdSchedulerFactory - Using default implementation for ThreadExecutor
17:08:13.746 [Test worker] INFO  SchedulerSignalerImpl - Initialized Scheduler Signaller of type: class org.quartz.core.SchedulerSignalerImpl
17:08:13.747 [Test worker] INFO  QuartzScheduler - Quartz Scheduler v.2.3.2 created.
17:08:13.749 [Test worker] INFO  RAMJobStore - RAMJobStore initialized.
17:08:13.750 [Test worker] INFO  QuartzScheduler - Scheduler meta-data: Quartz Scheduler (v2.3.2) 'quartzScheduler' with instanceId 'NON_CLUSTERED'
  Scheduler class: 'org.quartz.core.QuartzScheduler' - running locally.
  NOT STARTED.
  Currently in standby mode.
  Number of jobs executed: 0
  Using thread pool 'org.quartz.simpl.SimpleThreadPool' - with 10 threads.
  Using job-store 'org.quartz.simpl.RAMJobStore' - which does not support persistence. and is not clustered.

17:08:13.751 [Test worker] INFO  StdSchedulerFactory - Quartz scheduler 'quartzScheduler' initialized from an externally provided properties instance.
17:08:13.751 [Test worker] INFO  StdSchedulerFactory - Quartz scheduler version: 2.3.2
17:08:13.751 [Test worker] INFO  QuartzScheduler - JobFactory set to: org.springframework.scheduling.quartz.SpringBeanJobFactory@1c72189f
17:08:13.877 [Test worker] INFO  SchedulerFactoryBean - Starting Quartz Scheduler now
17:08:13.877 [Test worker] INFO  QuartzScheduler - Scheduler quartzScheduler_$_NON_CLUSTERED started.
17:08:13.888 [Test worker] INFO  StudentMapperTest - Started StudentMapperTest in 4.03 seconds (JVM running for 5.601)
17:08:14.514 [SpringApplicationShutdownHook] INFO  QuartzScheduler - Scheduler quartzScheduler_$_NON_CLUSTERED paused.
17:08:14.549 [SpringApplicationShutdownHook] INFO  SchedulerFactoryBean - Shutting down Quartz Scheduler
17:08:14.549 [SpringApplicationShutdownHook] INFO  QuartzScheduler - Scheduler quartzScheduler_$_NON_CLUSTERED shutting down.
17:08:14.549 [SpringApplicationShutdownHook] INFO  QuartzScheduler - Scheduler quartzScheduler_$_NON_CLUSTERED paused.
17:08:14.550 [SpringApplicationShutdownHook] INFO  QuartzScheduler - Scheduler quartzScheduler_$_NON_CLUSTERED shutdown complete.
17:10:55.056 [Test worker] INFO  SpringBootTestContextBootstrapper - Neither @ContextConfiguration nor @ContextHierarchy found for test class [com.imchobo.jsr_stringboot.mapper.StudentMapperTest], using SpringBootContextLoader
17:10:55.065 [Test worker] INFO  AbstractContextLoader - Could not detect default resource locations for test class [com.imchobo.jsr_stringboot.mapper.StudentMapperTest]: no resource found for suffixes {-context.xml, Context.groovy}.
17:10:55.067 [Test worker] INFO  AnnotationConfigContextLoaderUtils - Could not detect default configuration classes for test class [com.imchobo.jsr_stringboot.mapper.StudentMapperTest]: StudentMapperTest does not declare any static, non-private, non-final, nested classes annotated with @Configuration.
17:10:55.205 [Test worker] INFO  SpringBootTestContextBootstrapper - Found @SpringBootConfiguration com.imchobo.jsr_stringboot.JsrStringBootApplication for test class com.imchobo.jsr_stringboot.mapper.StudentMapperTest
17:10:55.320 [Test worker] INFO  SpringBootTestContextBootstrapper - Loaded default TestExecutionListener class names from location [META-INF/spring.factories]: [org.springframework.boot.test.autoconfigure.restdocs.RestDocsTestExecutionListener, org.springframework.boot.test.autoconfigure.web.client.MockRestServiceServerResetTestExecutionListener, org.springframework.boot.test.autoconfigure.web.servlet.MockMvcPrintOnlyOnFailureTestExecutionListener, org.springframework.boot.test.autoconfigure.web.servlet.WebDriverTestExecutionListener, org.springframework.boot.test.autoconfigure.webservices.client.MockWebServiceServerTestExecutionListener, org.springframework.boot.test.mock.mockito.MockitoTestExecutionListener, org.springframework.boot.test.mock.mockito.ResetMocksTestExecutionListener, org.springframework.test.context.web.ServletTestExecutionListener, org.springframework.test.context.support.DirtiesContextBeforeModesTestExecutionListener, org.springframework.test.context.event.ApplicationEventsTestExecutionListener, org.springframework.test.context.support.DependencyInjectionTestExecutionListener, org.springframework.test.context.support.DirtiesContextTestExecutionListener, org.springframework.test.context.transaction.TransactionalTestExecutionListener, org.springframework.test.context.jdbc.SqlScriptsTestExecutionListener, org.springframework.test.context.event.EventPublishingTestExecutionListener]
17:10:55.349 [Test worker] INFO  SpringBootTestContextBootstrapper - Using TestExecutionListeners: [org.springframework.test.context.web.ServletTestExecutionListener@51bde877, org.springframework.test.context.support.DirtiesContextBeforeModesTestExecutionListener@60b85ba1, org.springframework.test.context.event.ApplicationEventsTestExecutionListener@492fc69e, org.springframework.boot.test.mock.mockito.MockitoTestExecutionListener@117632cf, org.springframework.boot.test.autoconfigure.SpringBootDependencyInjectionTestExecutionListener@2fb68ec6, org.springframework.test.context.support.DirtiesContextTestExecutionListener@d71adc2, org.springframework.test.context.transaction.TransactionalTestExecutionListener@3add81c4, org.springframework.test.context.jdbc.SqlScriptsTestExecutionListener@1a1d3c1a, org.springframework.test.context.event.EventPublishingTestExecutionListener@1c65121, org.springframework.boot.test.autoconfigure.restdocs.RestDocsTestExecutionListener@159e366, org.springframework.boot.test.autoconfigure.web.client.MockRestServiceServerResetTestExecutionListener@57dc9128, org.springframework.boot.test.autoconfigure.web.servlet.MockMvcPrintOnlyOnFailureTestExecutionListener@24528a25, org.springframework.boot.test.autoconfigure.web.servlet.WebDriverTestExecutionListener@17ae98d7, org.springframework.boot.test.autoconfigure.webservices.client.MockWebServiceServerTestExecutionListener@59221b97, org.springframework.boot.test.mock.mockito.ResetMocksTestExecutionListener@6ac4944a]
17:10:55.767 [Test worker] WARN  DuplicateJsonObjectContextCustomizerFactory$DuplicateJsonObjectContextCustomizer - 

Found multiple occurrences of org.json.JSONObject on the class path:

	jar:file:/C:/Users/tj/.gradle/caches/modules-2/files-2.1/org.json/json/20240303/ebb88e8fb5122b7506d5cf1d69f1ccdb790d22a/json-20240303.jar!/org/json/JSONObject.class
	jar:file:/C:/Users/tj/.gradle/caches/modules-2/files-2.1/com.vaadin.external.google/android-json/0.0.20131108.vaadin1/fa26d351fe62a6a17f5cda1287c1c6110dec413f/android-json-0.0.20131108.vaadin1.jar!/org/json/JSONObject.class

You may wish to exclude one of them to ensure predictable runtime behavior

17:10:55.788 [Test worker] INFO  StudentMapperTest - Starting StudentMapperTest using Java 21.0.7 on DESKTOP-NBP7RID with PID 6112 (started by tj in C:\Users\tj\jsr_StringBoot)
17:10:55.789 [Test worker] INFO  StudentMapperTest - No active profile set, falling back to 1 default profile: "default"
17:10:58.556 [Test worker] INFO  StdSchedulerFactory - Using default implementation for ThreadExecutor
17:10:58.573 [Test worker] INFO  SchedulerSignalerImpl - Initialized Scheduler Signaller of type: class org.quartz.core.SchedulerSignalerImpl
17:10:58.574 [Test worker] INFO  QuartzScheduler - Quartz Scheduler v.2.3.2 created.
17:10:58.577 [Test worker] INFO  RAMJobStore - RAMJobStore initialized.
17:10:58.581 [Test worker] INFO  QuartzScheduler - Scheduler meta-data: Quartz Scheduler (v2.3.2) 'quartzScheduler' with instanceId 'NON_CLUSTERED'
  Scheduler class: 'org.quartz.core.QuartzScheduler' - running locally.
  NOT STARTED.
  Currently in standby mode.
  Number of jobs executed: 0
  Using thread pool 'org.quartz.simpl.SimpleThreadPool' - with 10 threads.
  Using job-store 'org.quartz.simpl.RAMJobStore' - which does not support persistence. and is not clustered.

17:10:58.582 [Test worker] INFO  StdSchedulerFactory - Quartz scheduler 'quartzScheduler' initialized from an externally provided properties instance.
17:10:58.583 [Test worker] INFO  StdSchedulerFactory - Quartz scheduler version: 2.3.2
17:10:58.583 [Test worker] INFO  QuartzScheduler - JobFactory set to: org.springframework.scheduling.quartz.SpringBeanJobFactory@5112b7
17:10:58.678 [Test worker] INFO  SchedulerFactoryBean - Starting Quartz Scheduler now
17:10:58.679 [Test worker] INFO  QuartzScheduler - Scheduler quartzScheduler_$_NON_CLUSTERED started.
17:10:58.692 [Test worker] INFO  StudentMapperTest - Started StudentMapperTest in 3.285 seconds (JVM running for 4.869)
17:10:59.281 [Test worker] INFO  sqltiming - select * from subject
 {executed in 8 msec}
17:10:59.313 [Test worker] INFO  StudentMapperTest - [Student(student=null, kor=90, eng=50, mat=80, sci=60, soc=0, total=350), Student(student=null, kor=90, eng=50, mat=80, sci=60, soc=0, total=350), Student(student=null, kor=90, eng=50, mat=80, sci=60, soc=0, total=350), Student(student=null, kor=90, eng=50, mat=80, sci=60, soc=0, total=350)]
17:10:59.349 [SpringApplicationShutdownHook] INFO  QuartzScheduler - Scheduler quartzScheduler_$_NON_CLUSTERED paused.
17:10:59.350 [SpringApplicationShutdownHook] INFO  SchedulerFactoryBean - Shutting down Quartz Scheduler
17:10:59.350 [SpringApplicationShutdownHook] INFO  QuartzScheduler - Scheduler quartzScheduler_$_NON_CLUSTERED shutting down.
17:10:59.350 [SpringApplicationShutdownHook] INFO  QuartzScheduler - Scheduler quartzScheduler_$_NON_CLUSTERED paused.
17:10:59.350 [SpringApplicationShutdownHook] INFO  QuartzScheduler - Scheduler quartzScheduler_$_NON_CLUSTERED shutdown complete.
17:15:57.810 [Test worker] INFO  SpringBootTestContextBootstrapper - Neither @ContextConfiguration nor @ContextHierarchy found for test class [com.imchobo.jsr_stringboot.mapper.StudentMapperTest], using SpringBootContextLoader
17:15:57.819 [Test worker] INFO  AbstractContextLoader - Could not detect default resource locations for test class [com.imchobo.jsr_stringboot.mapper.StudentMapperTest]: no resource found for suffixes {-context.xml, Context.groovy}.
17:15:57.820 [Test worker] INFO  AnnotationConfigContextLoaderUtils - Could not detect default configuration classes for test class [com.imchobo.jsr_stringboot.mapper.StudentMapperTest]: StudentMapperTest does not declare any static, non-private, non-final, nested classes annotated with @Configuration.
17:15:57.969 [Test worker] INFO  SpringBootTestContextBootstrapper - Found @SpringBootConfiguration com.imchobo.jsr_stringboot.JsrStringBootApplication for test class com.imchobo.jsr_stringboot.mapper.StudentMapperTest
17:15:58.084 [Test worker] INFO  SpringBootTestContextBootstrapper - Loaded default TestExecutionListener class names from location [META-INF/spring.factories]: [org.springframework.boot.test.autoconfigure.restdocs.RestDocsTestExecutionListener, org.springframework.boot.test.autoconfigure.web.client.MockRestServiceServerResetTestExecutionListener, org.springframework.boot.test.autoconfigure.web.servlet.MockMvcPrintOnlyOnFailureTestExecutionListener, org.springframework.boot.test.autoconfigure.web.servlet.WebDriverTestExecutionListener, org.springframework.boot.test.autoconfigure.webservices.client.MockWebServiceServerTestExecutionListener, org.springframework.boot.test.mock.mockito.MockitoTestExecutionListener, org.springframework.boot.test.mock.mockito.ResetMocksTestExecutionListener, org.springframework.test.context.web.ServletTestExecutionListener, org.springframework.test.context.support.DirtiesContextBeforeModesTestExecutionListener, org.springframework.test.context.event.ApplicationEventsTestExecutionListener, org.springframework.test.context.support.DependencyInjectionTestExecutionListener, org.springframework.test.context.support.DirtiesContextTestExecutionListener, org.springframework.test.context.transaction.TransactionalTestExecutionListener, org.springframework.test.context.jdbc.SqlScriptsTestExecutionListener, org.springframework.test.context.event.EventPublishingTestExecutionListener]
17:15:58.114 [Test worker] INFO  SpringBootTestContextBootstrapper - Using TestExecutionListeners: [org.springframework.test.context.web.ServletTestExecutionListener@51bde877, org.springframework.test.context.support.DirtiesContextBeforeModesTestExecutionListener@60b85ba1, org.springframework.test.context.event.ApplicationEventsTestExecutionListener@492fc69e, org.springframework.boot.test.mock.mockito.MockitoTestExecutionListener@117632cf, org.springframework.boot.test.autoconfigure.SpringBootDependencyInjectionTestExecutionListener@2fb68ec6, org.springframework.test.context.support.DirtiesContextTestExecutionListener@d71adc2, org.springframework.test.context.transaction.TransactionalTestExecutionListener@3add81c4, org.springframework.test.context.jdbc.SqlScriptsTestExecutionListener@1a1d3c1a, org.springframework.test.context.event.EventPublishingTestExecutionListener@1c65121, org.springframework.boot.test.autoconfigure.restdocs.RestDocsTestExecutionListener@159e366, org.springframework.boot.test.autoconfigure.web.client.MockRestServiceServerResetTestExecutionListener@57dc9128, org.springframework.boot.test.autoconfigure.web.servlet.MockMvcPrintOnlyOnFailureTestExecutionListener@24528a25, org.springframework.boot.test.autoconfigure.web.servlet.WebDriverTestExecutionListener@17ae98d7, org.springframework.boot.test.autoconfigure.webservices.client.MockWebServiceServerTestExecutionListener@59221b97, org.springframework.boot.test.mock.mockito.ResetMocksTestExecutionListener@6ac4944a]
17:15:58.548 [Test worker] WARN  DuplicateJsonObjectContextCustomizerFactory$DuplicateJsonObjectContextCustomizer - 

Found multiple occurrences of org.json.JSONObject on the class path:

	jar:file:/C:/Users/tj/.gradle/caches/modules-2/files-2.1/org.json/json/20240303/ebb88e8fb5122b7506d5cf1d69f1ccdb790d22a/json-20240303.jar!/org/json/JSONObject.class
	jar:file:/C:/Users/tj/.gradle/caches/modules-2/files-2.1/com.vaadin.external.google/android-json/0.0.20131108.vaadin1/fa26d351fe62a6a17f5cda1287c1c6110dec413f/android-json-0.0.20131108.vaadin1.jar!/org/json/JSONObject.class

You may wish to exclude one of them to ensure predictable runtime behavior

17:15:58.569 [Test worker] INFO  StudentMapperTest - Starting StudentMapperTest using Java 21.0.7 on DESKTOP-NBP7RID with PID 21896 (started by tj in C:\Users\tj\jsr_StringBoot)
17:15:58.570 [Test worker] INFO  StudentMapperTest - No active profile set, falling back to 1 default profile: "default"
17:16:01.561 [Test worker] INFO  StdSchedulerFactory - Using default implementation for ThreadExecutor
17:16:01.580 [Test worker] INFO  SchedulerSignalerImpl - Initialized Scheduler Signaller of type: class org.quartz.core.SchedulerSignalerImpl
17:16:01.580 [Test worker] INFO  QuartzScheduler - Quartz Scheduler v.2.3.2 created.
17:16:01.583 [Test worker] INFO  RAMJobStore - RAMJobStore initialized.
17:16:01.584 [Test worker] INFO  QuartzScheduler - Scheduler meta-data: Quartz Scheduler (v2.3.2) 'quartzScheduler' with instanceId 'NON_CLUSTERED'
  Scheduler class: 'org.quartz.core.QuartzScheduler' - running locally.
  NOT STARTED.
  Currently in standby mode.
  Number of jobs executed: 0
  Using thread pool 'org.quartz.simpl.SimpleThreadPool' - with 10 threads.
  Using job-store 'org.quartz.simpl.RAMJobStore' - which does not support persistence. and is not clustered.

17:16:01.585 [Test worker] INFO  StdSchedulerFactory - Quartz scheduler 'quartzScheduler' initialized from an externally provided properties instance.
17:16:01.585 [Test worker] INFO  StdSchedulerFactory - Quartz scheduler version: 2.3.2
17:16:01.585 [Test worker] INFO  QuartzScheduler - JobFactory set to: org.springframework.scheduling.quartz.SpringBeanJobFactory@1c72189f
17:16:01.657 [Test worker] INFO  SchedulerFactoryBean - Starting Quartz Scheduler now
17:16:01.657 [Test worker] INFO  QuartzScheduler - Scheduler quartzScheduler_$_NON_CLUSTERED started.
17:16:01.670 [Test worker] INFO  StudentMapperTest - Started StudentMapperTest in 3.495 seconds (JVM running for 5.273)
17:16:02.124 [Test worker] INFO  sqltiming - select * from student
 {executed in 7 msec}
17:16:02.152 [Test worker] INFO  StudentMapperTest - [Student(student=학생, kor=0, eng=0, mat=0, sci=0, soc=0, total=0), Student(student=학생, kor=0, eng=0, mat=0, sci=0, soc=0, total=0), null, Student(student=학생, kor=0, eng=0, mat=0, sci=0, soc=0, total=0), Student(student=학생, kor=0, eng=0, mat=0, sci=0, soc=0, total=0)]
17:16:02.202 [SpringApplicationShutdownHook] INFO  QuartzScheduler - Scheduler quartzScheduler_$_NON_CLUSTERED paused.
17:16:02.202 [SpringApplicationShutdownHook] INFO  SchedulerFactoryBean - Shutting down Quartz Scheduler
17:16:02.202 [SpringApplicationShutdownHook] INFO  QuartzScheduler - Scheduler quartzScheduler_$_NON_CLUSTERED shutting down.
17:16:02.203 [SpringApplicationShutdownHook] INFO  QuartzScheduler - Scheduler quartzScheduler_$_NON_CLUSTERED paused.
17:16:02.203 [SpringApplicationShutdownHook] INFO  QuartzScheduler - Scheduler quartzScheduler_$_NON_CLUSTERED shutdown complete.
17:18:37.429 [Test worker] INFO  SpringBootTestContextBootstrapper - Neither @ContextConfiguration nor @ContextHierarchy found for test class [com.imchobo.jsr_stringboot.mapper.StudentMapperTest], using SpringBootContextLoader
17:18:37.438 [Test worker] INFO  AbstractContextLoader - Could not detect default resource locations for test class [com.imchobo.jsr_stringboot.mapper.StudentMapperTest]: no resource found for suffixes {-context.xml, Context.groovy}.
17:18:37.439 [Test worker] INFO  AnnotationConfigContextLoaderUtils - Could not detect default configuration classes for test class [com.imchobo.jsr_stringboot.mapper.StudentMapperTest]: StudentMapperTest does not declare any static, non-private, non-final, nested classes annotated with @Configuration.
17:18:37.566 [Test worker] INFO  SpringBootTestContextBootstrapper - Found @SpringBootConfiguration com.imchobo.jsr_stringboot.JsrStringBootApplication for test class com.imchobo.jsr_stringboot.mapper.StudentMapperTest
17:18:37.679 [Test worker] INFO  SpringBootTestContextBootstrapper - Loaded default TestExecutionListener class names from location [META-INF/spring.factories]: [org.springframework.boot.test.autoconfigure.restdocs.RestDocsTestExecutionListener, org.springframework.boot.test.autoconfigure.web.client.MockRestServiceServerResetTestExecutionListener, org.springframework.boot.test.autoconfigure.web.servlet.MockMvcPrintOnlyOnFailureTestExecutionListener, org.springframework.boot.test.autoconfigure.web.servlet.WebDriverTestExecutionListener, org.springframework.boot.test.autoconfigure.webservices.client.MockWebServiceServerTestExecutionListener, org.springframework.boot.test.mock.mockito.MockitoTestExecutionListener, org.springframework.boot.test.mock.mockito.ResetMocksTestExecutionListener, org.springframework.test.context.web.ServletTestExecutionListener, org.springframework.test.context.support.DirtiesContextBeforeModesTestExecutionListener, org.springframework.test.context.event.ApplicationEventsTestExecutionListener, org.springframework.test.context.support.DependencyInjectionTestExecutionListener, org.springframework.test.context.support.DirtiesContextTestExecutionListener, org.springframework.test.context.transaction.TransactionalTestExecutionListener, org.springframework.test.context.jdbc.SqlScriptsTestExecutionListener, org.springframework.test.context.event.EventPublishingTestExecutionListener]
17:18:37.704 [Test worker] INFO  SpringBootTestContextBootstrapper - Using TestExecutionListeners: [org.springframework.test.context.web.ServletTestExecutionListener@51bde877, org.springframework.test.context.support.DirtiesContextBeforeModesTestExecutionListener@60b85ba1, org.springframework.test.context.event.ApplicationEventsTestExecutionListener@492fc69e, org.springframework.boot.test.mock.mockito.MockitoTestExecutionListener@117632cf, org.springframework.boot.test.autoconfigure.SpringBootDependencyInjectionTestExecutionListener@2fb68ec6, org.springframework.test.context.support.DirtiesContextTestExecutionListener@d71adc2, org.springframework.test.context.transaction.TransactionalTestExecutionListener@3add81c4, org.springframework.test.context.jdbc.SqlScriptsTestExecutionListener@1a1d3c1a, org.springframework.test.context.event.EventPublishingTestExecutionListener@1c65121, org.springframework.boot.test.autoconfigure.restdocs.RestDocsTestExecutionListener@159e366, org.springframework.boot.test.autoconfigure.web.client.MockRestServiceServerResetTestExecutionListener@57dc9128, org.springframework.boot.test.autoconfigure.web.servlet.MockMvcPrintOnlyOnFailureTestExecutionListener@24528a25, org.springframework.boot.test.autoconfigure.web.servlet.WebDriverTestExecutionListener@17ae98d7, org.springframework.boot.test.autoconfigure.webservices.client.MockWebServiceServerTestExecutionListener@59221b97, org.springframework.boot.test.mock.mockito.ResetMocksTestExecutionListener@6ac4944a]
17:18:38.120 [Test worker] WARN  DuplicateJsonObjectContextCustomizerFactory$DuplicateJsonObjectContextCustomizer - 

Found multiple occurrences of org.json.JSONObject on the class path:

	jar:file:/C:/Users/tj/.gradle/caches/modules-2/files-2.1/org.json/json/20240303/ebb88e8fb5122b7506d5cf1d69f1ccdb790d22a/json-20240303.jar!/org/json/JSONObject.class
	jar:file:/C:/Users/tj/.gradle/caches/modules-2/files-2.1/com.vaadin.external.google/android-json/0.0.20131108.vaadin1/fa26d351fe62a6a17f5cda1287c1c6110dec413f/android-json-0.0.20131108.vaadin1.jar!/org/json/JSONObject.class

You may wish to exclude one of them to ensure predictable runtime behavior

17:18:38.140 [Test worker] INFO  StudentMapperTest - Starting StudentMapperTest using Java 21.0.7 on DESKTOP-NBP7RID with PID 18620 (started by tj in C:\Users\tj\jsr_StringBoot)
17:18:38.141 [Test worker] INFO  StudentMapperTest - No active profile set, falling back to 1 default profile: "default"
17:18:40.888 [Test worker] INFO  StdSchedulerFactory - Using default implementation for ThreadExecutor
17:18:40.909 [Test worker] INFO  SchedulerSignalerImpl - Initialized Scheduler Signaller of type: class org.quartz.core.SchedulerSignalerImpl
17:18:40.909 [Test worker] INFO  QuartzScheduler - Quartz Scheduler v.2.3.2 created.
17:18:40.912 [Test worker] INFO  RAMJobStore - RAMJobStore initialized.
17:18:40.914 [Test worker] INFO  QuartzScheduler - Scheduler meta-data: Quartz Scheduler (v2.3.2) 'quartzScheduler' with instanceId 'NON_CLUSTERED'
  Scheduler class: 'org.quartz.core.QuartzScheduler' - running locally.
  NOT STARTED.
  Currently in standby mode.
  Number of jobs executed: 0
  Using thread pool 'org.quartz.simpl.SimpleThreadPool' - with 10 threads.
  Using job-store 'org.quartz.simpl.RAMJobStore' - which does not support persistence. and is not clustered.

17:18:40.917 [Test worker] INFO  StdSchedulerFactory - Quartz scheduler 'quartzScheduler' initialized from an externally provided properties instance.
17:18:40.917 [Test worker] INFO  StdSchedulerFactory - Quartz scheduler version: 2.3.2
17:18:40.917 [Test worker] INFO  QuartzScheduler - JobFactory set to: org.springframework.scheduling.quartz.SpringBeanJobFactory@1c72189f
17:18:40.995 [Test worker] INFO  SchedulerFactoryBean - Starting Quartz Scheduler now
17:18:40.995 [Test worker] INFO  QuartzScheduler - Scheduler quartzScheduler_$_NON_CLUSTERED started.
17:18:41.005 [Test worker] INFO  StudentMapperTest - Started StudentMapperTest in 3.251 seconds (JVM running for 4.864)
17:18:41.470 [Test worker] INFO  sqltiming - select * from student
 {executed in 8 msec}
17:18:41.503 [Test worker] INFO  StudentMapperTest - [Student(student=학생, kor=90, eng=90, mat=10, sci=20, soc=0, total=0), Student(student=학생, kor=80, eng=50, mat=100, sci=40, soc=0, total=0), Student(student=학생, kor=70, eng=70, mat=80, sci=60, soc=0, total=0), Student(student=학생, kor=50, eng=70, mat=50, sci=50, soc=0, total=0), Student(student=학생, kor=40, eng=70, mat=70, sci=70, soc=0, total=0)]
17:18:41.546 [SpringApplicationShutdownHook] INFO  QuartzScheduler - Scheduler quartzScheduler_$_NON_CLUSTERED paused.
17:18:41.546 [SpringApplicationShutdownHook] INFO  SchedulerFactoryBean - Shutting down Quartz Scheduler
17:18:41.547 [SpringApplicationShutdownHook] INFO  QuartzScheduler - Scheduler quartzScheduler_$_NON_CLUSTERED shutting down.
17:18:41.547 [SpringApplicationShutdownHook] INFO  QuartzScheduler - Scheduler quartzScheduler_$_NON_CLUSTERED paused.
17:18:41.547 [SpringApplicationShutdownHook] INFO  QuartzScheduler - Scheduler quartzScheduler_$_NON_CLUSTERED shutdown complete.
17:52:35.284 [Test worker] INFO  SpringBootTestContextBootstrapper - Neither @ContextConfiguration nor @ContextHierarchy found for test class [com.imchobo.jsr_stringboot.mapper.StudentMapperTest], using SpringBootContextLoader
17:52:35.296 [Test worker] INFO  AbstractContextLoader - Could not detect default resource locations for test class [com.imchobo.jsr_stringboot.mapper.StudentMapperTest]: no resource found for suffixes {-context.xml, Context.groovy}.
17:52:35.298 [Test worker] INFO  AnnotationConfigContextLoaderUtils - Could not detect default configuration classes for test class [com.imchobo.jsr_stringboot.mapper.StudentMapperTest]: StudentMapperTest does not declare any static, non-private, non-final, nested classes annotated with @Configuration.
17:52:35.426 [Test worker] INFO  SpringBootTestContextBootstrapper - Found @SpringBootConfiguration com.imchobo.jsr_stringboot.JsrStringBootApplication for test class com.imchobo.jsr_stringboot.mapper.StudentMapperTest
17:52:35.532 [Test worker] INFO  SpringBootTestContextBootstrapper - Loaded default TestExecutionListener class names from location [META-INF/spring.factories]: [org.springframework.boot.test.autoconfigure.restdocs.RestDocsTestExecutionListener, org.springframework.boot.test.autoconfigure.web.client.MockRestServiceServerResetTestExecutionListener, org.springframework.boot.test.autoconfigure.web.servlet.MockMvcPrintOnlyOnFailureTestExecutionListener, org.springframework.boot.test.autoconfigure.web.servlet.WebDriverTestExecutionListener, org.springframework.boot.test.autoconfigure.webservices.client.MockWebServiceServerTestExecutionListener, org.springframework.boot.test.mock.mockito.MockitoTestExecutionListener, org.springframework.boot.test.mock.mockito.ResetMocksTestExecutionListener, org.springframework.test.context.web.ServletTestExecutionListener, org.springframework.test.context.support.DirtiesContextBeforeModesTestExecutionListener, org.springframework.test.context.event.ApplicationEventsTestExecutionListener, org.springframework.test.context.support.DependencyInjectionTestExecutionListener, org.springframework.test.context.support.DirtiesContextTestExecutionListener, org.springframework.test.context.transaction.TransactionalTestExecutionListener, org.springframework.test.context.jdbc.SqlScriptsTestExecutionListener, org.springframework.test.context.event.EventPublishingTestExecutionListener]
17:52:35.559 [Test worker] INFO  SpringBootTestContextBootstrapper - Using TestExecutionListeners: [org.springframework.test.context.web.ServletTestExecutionListener@492fc69e, org.springframework.test.context.support.DirtiesContextBeforeModesTestExecutionListener@117632cf, org.springframework.test.context.event.ApplicationEventsTestExecutionListener@2fb68ec6, org.springframework.boot.test.mock.mockito.MockitoTestExecutionListener@d71adc2, org.springframework.boot.test.autoconfigure.SpringBootDependencyInjectionTestExecutionListener@3add81c4, org.springframework.test.context.support.DirtiesContextTestExecutionListener@1a1d3c1a, org.springframework.test.context.transaction.TransactionalTestExecutionListener@1c65121, org.springframework.test.context.jdbc.SqlScriptsTestExecutionListener@159e366, org.springframework.test.context.event.EventPublishingTestExecutionListener@57dc9128, org.springframework.boot.test.autoconfigure.restdocs.RestDocsTestExecutionListener@24528a25, org.springframework.boot.test.autoconfigure.web.client.MockRestServiceServerResetTestExecutionListener@17ae98d7, org.springframework.boot.test.autoconfigure.web.servlet.MockMvcPrintOnlyOnFailureTestExecutionListener@59221b97, org.springframework.boot.test.autoconfigure.web.servlet.WebDriverTestExecutionListener@6ac4944a, org.springframework.boot.test.autoconfigure.webservices.client.MockWebServiceServerTestExecutionListener@5a772895, org.springframework.boot.test.mock.mockito.ResetMocksTestExecutionListener@39fc6b2c]
17:52:35.964 [Test worker] WARN  DuplicateJsonObjectContextCustomizerFactory$DuplicateJsonObjectContextCustomizer - 

Found multiple occurrences of org.json.JSONObject on the class path:

	jar:file:/C:/Users/tj/.gradle/caches/modules-2/files-2.1/org.json/json/20240303/ebb88e8fb5122b7506d5cf1d69f1ccdb790d22a/json-20240303.jar!/org/json/JSONObject.class
	jar:file:/C:/Users/tj/.gradle/caches/modules-2/files-2.1/com.vaadin.external.google/android-json/0.0.20131108.vaadin1/fa26d351fe62a6a17f5cda1287c1c6110dec413f/android-json-0.0.20131108.vaadin1.jar!/org/json/JSONObject.class

You may wish to exclude one of them to ensure predictable runtime behavior

17:52:35.986 [Test worker] INFO  StudentMapperTest - Starting StudentMapperTest using Java 21.0.7 on DESKTOP-NBP7RID with PID 13320 (started by tj in C:\Users\tj\jsr_StringBoot)
17:52:35.989 [Test worker] INFO  StudentMapperTest - No active profile set, falling back to 1 default profile: "default"
17:52:38.677 [Test worker] INFO  StdSchedulerFactory - Using default implementation for ThreadExecutor
17:52:38.695 [Test worker] INFO  SchedulerSignalerImpl - Initialized Scheduler Signaller of type: class org.quartz.core.SchedulerSignalerImpl
17:52:38.696 [Test worker] INFO  QuartzScheduler - Quartz Scheduler v.2.3.2 created.
17:52:38.699 [Test worker] INFO  RAMJobStore - RAMJobStore initialized.
17:52:38.701 [Test worker] INFO  QuartzScheduler - Scheduler meta-data: Quartz Scheduler (v2.3.2) 'quartzScheduler' with instanceId 'NON_CLUSTERED'
  Scheduler class: 'org.quartz.core.QuartzScheduler' - running locally.
  NOT STARTED.
  Currently in standby mode.
  Number of jobs executed: 0
  Using thread pool 'org.quartz.simpl.SimpleThreadPool' - with 10 threads.
  Using job-store 'org.quartz.simpl.RAMJobStore' - which does not support persistence. and is not clustered.

17:52:38.701 [Test worker] INFO  StdSchedulerFactory - Quartz scheduler 'quartzScheduler' initialized from an externally provided properties instance.
17:52:38.701 [Test worker] INFO  StdSchedulerFactory - Quartz scheduler version: 2.3.2
17:52:38.702 [Test worker] INFO  QuartzScheduler - JobFactory set to: org.springframework.scheduling.quartz.SpringBeanJobFactory@4276ad40
17:52:38.809 [Test worker] INFO  SchedulerFactoryBean - Starting Quartz Scheduler now
17:52:38.810 [Test worker] INFO  QuartzScheduler - Scheduler quartzScheduler_$_NON_CLUSTERED started.
17:52:38.821 [Test worker] INFO  StudentMapperTest - Started StudentMapperTest in 3.212 seconds (JVM running for 4.756)
17:52:39.566 [SpringApplicationShutdownHook] INFO  QuartzScheduler - Scheduler quartzScheduler_$_NON_CLUSTERED paused.
17:52:39.568 [SpringApplicationShutdownHook] INFO  SchedulerFactoryBean - Shutting down Quartz Scheduler
17:52:39.574 [SpringApplicationShutdownHook] INFO  QuartzScheduler - Scheduler quartzScheduler_$_NON_CLUSTERED shutting down.
17:52:39.574 [SpringApplicationShutdownHook] INFO  QuartzScheduler - Scheduler quartzScheduler_$_NON_CLUSTERED paused.
17:52:39.574 [SpringApplicationShutdownHook] INFO  QuartzScheduler - Scheduler quartzScheduler_$_NON_CLUSTERED shutdown complete.
17:58:27.733 [Test worker] INFO  SpringBootTestContextBootstrapper - Neither @ContextConfiguration nor @ContextHierarchy found for test class [com.imchobo.jsr_stringboot.mapper.StudentMapperTest], using SpringBootContextLoader
17:58:27.742 [Test worker] INFO  AbstractContextLoader - Could not detect default resource locations for test class [com.imchobo.jsr_stringboot.mapper.StudentMapperTest]: no resource found for suffixes {-context.xml, Context.groovy}.
17:58:27.743 [Test worker] INFO  AnnotationConfigContextLoaderUtils - Could not detect default configuration classes for test class [com.imchobo.jsr_stringboot.mapper.StudentMapperTest]: StudentMapperTest does not declare any static, non-private, non-final, nested classes annotated with @Configuration.
17:58:27.871 [Test worker] INFO  SpringBootTestContextBootstrapper - Found @SpringBootConfiguration com.imchobo.jsr_stringboot.JsrStringBootApplication for test class com.imchobo.jsr_stringboot.mapper.StudentMapperTest
17:58:27.984 [Test worker] INFO  SpringBootTestContextBootstrapper - Loaded default TestExecutionListener class names from location [META-INF/spring.factories]: [org.springframework.boot.test.autoconfigure.restdocs.RestDocsTestExecutionListener, org.springframework.boot.test.autoconfigure.web.client.MockRestServiceServerResetTestExecutionListener, org.springframework.boot.test.autoconfigure.web.servlet.MockMvcPrintOnlyOnFailureTestExecutionListener, org.springframework.boot.test.autoconfigure.web.servlet.WebDriverTestExecutionListener, org.springframework.boot.test.autoconfigure.webservices.client.MockWebServiceServerTestExecutionListener, org.springframework.boot.test.mock.mockito.MockitoTestExecutionListener, org.springframework.boot.test.mock.mockito.ResetMocksTestExecutionListener, org.springframework.test.context.web.ServletTestExecutionListener, org.springframework.test.context.support.DirtiesContextBeforeModesTestExecutionListener, org.springframework.test.context.event.ApplicationEventsTestExecutionListener, org.springframework.test.context.support.DependencyInjectionTestExecutionListener, org.springframework.test.context.support.DirtiesContextTestExecutionListener, org.springframework.test.context.transaction.TransactionalTestExecutionListener, org.springframework.test.context.jdbc.SqlScriptsTestExecutionListener, org.springframework.test.context.event.EventPublishingTestExecutionListener]
17:58:28.010 [Test worker] INFO  SpringBootTestContextBootstrapper - Using TestExecutionListeners: [org.springframework.test.context.web.ServletTestExecutionListener@51bde877, org.springframework.test.context.support.DirtiesContextBeforeModesTestExecutionListener@60b85ba1, org.springframework.test.context.event.ApplicationEventsTestExecutionListener@492fc69e, org.springframework.boot.test.mock.mockito.MockitoTestExecutionListener@117632cf, org.springframework.boot.test.autoconfigure.SpringBootDependencyInjectionTestExecutionListener@2fb68ec6, org.springframework.test.context.support.DirtiesContextTestExecutionListener@d71adc2, org.springframework.test.context.transaction.TransactionalTestExecutionListener@3add81c4, org.springframework.test.context.jdbc.SqlScriptsTestExecutionListener@1a1d3c1a, org.springframework.test.context.event.EventPublishingTestExecutionListener@1c65121, org.springframework.boot.test.autoconfigure.restdocs.RestDocsTestExecutionListener@159e366, org.springframework.boot.test.autoconfigure.web.client.MockRestServiceServerResetTestExecutionListener@57dc9128, org.springframework.boot.test.autoconfigure.web.servlet.MockMvcPrintOnlyOnFailureTestExecutionListener@24528a25, org.springframework.boot.test.autoconfigure.web.servlet.WebDriverTestExecutionListener@17ae98d7, org.springframework.boot.test.autoconfigure.webservices.client.MockWebServiceServerTestExecutionListener@59221b97, org.springframework.boot.test.mock.mockito.ResetMocksTestExecutionListener@6ac4944a]
17:58:28.413 [Test worker] WARN  DuplicateJsonObjectContextCustomizerFactory$DuplicateJsonObjectContextCustomizer - 

Found multiple occurrences of org.json.JSONObject on the class path:

	jar:file:/C:/Users/tj/.gradle/caches/modules-2/files-2.1/org.json/json/20240303/ebb88e8fb5122b7506d5cf1d69f1ccdb790d22a/json-20240303.jar!/org/json/JSONObject.class
	jar:file:/C:/Users/tj/.gradle/caches/modules-2/files-2.1/com.vaadin.external.google/android-json/0.0.20131108.vaadin1/fa26d351fe62a6a17f5cda1287c1c6110dec413f/android-json-0.0.20131108.vaadin1.jar!/org/json/JSONObject.class

You may wish to exclude one of them to ensure predictable runtime behavior

17:58:28.430 [Test worker] INFO  StudentMapperTest - Starting StudentMapperTest using Java 21.0.7 on DESKTOP-NBP7RID with PID 23480 (started by tj in C:\Users\tj\jsr_StringBoot)
17:58:28.432 [Test worker] INFO  StudentMapperTest - No active profile set, falling back to 1 default profile: "default"
17:58:31.034 [Test worker] INFO  StdSchedulerFactory - Using default implementation for ThreadExecutor
17:58:31.050 [Test worker] INFO  SchedulerSignalerImpl - Initialized Scheduler Signaller of type: class org.quartz.core.SchedulerSignalerImpl
17:58:31.050 [Test worker] INFO  QuartzScheduler - Quartz Scheduler v.2.3.2 created.
17:58:31.053 [Test worker] INFO  RAMJobStore - RAMJobStore initialized.
17:58:31.054 [Test worker] INFO  QuartzScheduler - Scheduler meta-data: Quartz Scheduler (v2.3.2) 'quartzScheduler' with instanceId 'NON_CLUSTERED'
  Scheduler class: 'org.quartz.core.QuartzScheduler' - running locally.
  NOT STARTED.
  Currently in standby mode.
  Number of jobs executed: 0
  Using thread pool 'org.quartz.simpl.SimpleThreadPool' - with 10 threads.
  Using job-store 'org.quartz.simpl.RAMJobStore' - which does not support persistence. and is not clustered.

17:58:31.055 [Test worker] INFO  StdSchedulerFactory - Quartz scheduler 'quartzScheduler' initialized from an externally provided properties instance.
17:58:31.056 [Test worker] INFO  StdSchedulerFactory - Quartz scheduler version: 2.3.2
17:58:31.056 [Test worker] INFO  QuartzScheduler - JobFactory set to: org.springframework.scheduling.quartz.SpringBeanJobFactory@51f01535
17:58:31.150 [Test worker] INFO  SchedulerFactoryBean - Starting Quartz Scheduler now
17:58:31.151 [Test worker] INFO  QuartzScheduler - Scheduler quartzScheduler_$_NON_CLUSTERED started.
17:58:31.161 [Test worker] INFO  StudentMapperTest - Started StudentMapperTest in 3.103 seconds (JVM running for 4.757)
17:58:31.793 [SpringApplicationShutdownHook] INFO  QuartzScheduler - Scheduler quartzScheduler_$_NON_CLUSTERED paused.
17:58:31.809 [SpringApplicationShutdownHook] INFO  SchedulerFactoryBean - Shutting down Quartz Scheduler
17:58:31.814 [SpringApplicationShutdownHook] INFO  QuartzScheduler - Scheduler quartzScheduler_$_NON_CLUSTERED shutting down.
17:58:31.814 [SpringApplicationShutdownHook] INFO  QuartzScheduler - Scheduler quartzScheduler_$_NON_CLUSTERED paused.
17:58:31.815 [SpringApplicationShutdownHook] INFO  QuartzScheduler - Scheduler quartzScheduler_$_NON_CLUSTERED shutdown complete.
17:59:38.675 [Test worker] INFO  SpringBootTestContextBootstrapper - Neither @ContextConfiguration nor @ContextHierarchy found for test class [com.imchobo.jsr_stringboot.mapper.StudentMapperTest], using SpringBootContextLoader
17:59:38.684 [Test worker] INFO  AbstractContextLoader - Could not detect default resource locations for test class [com.imchobo.jsr_stringboot.mapper.StudentMapperTest]: no resource found for suffixes {-context.xml, Context.groovy}.
17:59:38.685 [Test worker] INFO  AnnotationConfigContextLoaderUtils - Could not detect default configuration classes for test class [com.imchobo.jsr_stringboot.mapper.StudentMapperTest]: StudentMapperTest does not declare any static, non-private, non-final, nested classes annotated with @Configuration.
17:59:38.816 [Test worker] INFO  SpringBootTestContextBootstrapper - Found @SpringBootConfiguration com.imchobo.jsr_stringboot.JsrStringBootApplication for test class com.imchobo.jsr_stringboot.mapper.StudentMapperTest
17:59:38.923 [Test worker] INFO  SpringBootTestContextBootstrapper - Loaded default TestExecutionListener class names from location [META-INF/spring.factories]: [org.springframework.boot.test.autoconfigure.restdocs.RestDocsTestExecutionListener, org.springframework.boot.test.autoconfigure.web.client.MockRestServiceServerResetTestExecutionListener, org.springframework.boot.test.autoconfigure.web.servlet.MockMvcPrintOnlyOnFailureTestExecutionListener, org.springframework.boot.test.autoconfigure.web.servlet.WebDriverTestExecutionListener, org.springframework.boot.test.autoconfigure.webservices.client.MockWebServiceServerTestExecutionListener, org.springframework.boot.test.mock.mockito.MockitoTestExecutionListener, org.springframework.boot.test.mock.mockito.ResetMocksTestExecutionListener, org.springframework.test.context.web.ServletTestExecutionListener, org.springframework.test.context.support.DirtiesContextBeforeModesTestExecutionListener, org.springframework.test.context.event.ApplicationEventsTestExecutionListener, org.springframework.test.context.support.DependencyInjectionTestExecutionListener, org.springframework.test.context.support.DirtiesContextTestExecutionListener, org.springframework.test.context.transaction.TransactionalTestExecutionListener, org.springframework.test.context.jdbc.SqlScriptsTestExecutionListener, org.springframework.test.context.event.EventPublishingTestExecutionListener]
17:59:38.948 [Test worker] INFO  SpringBootTestContextBootstrapper - Using TestExecutionListeners: [org.springframework.test.context.web.ServletTestExecutionListener@492fc69e, org.springframework.test.context.support.DirtiesContextBeforeModesTestExecutionListener@117632cf, org.springframework.test.context.event.ApplicationEventsTestExecutionListener@2fb68ec6, org.springframework.boot.test.mock.mockito.MockitoTestExecutionListener@d71adc2, org.springframework.boot.test.autoconfigure.SpringBootDependencyInjectionTestExecutionListener@3add81c4, org.springframework.test.context.support.DirtiesContextTestExecutionListener@1a1d3c1a, org.springframework.test.context.transaction.TransactionalTestExecutionListener@1c65121, org.springframework.test.context.jdbc.SqlScriptsTestExecutionListener@159e366, org.springframework.test.context.event.EventPublishingTestExecutionListener@57dc9128, org.springframework.boot.test.autoconfigure.restdocs.RestDocsTestExecutionListener@24528a25, org.springframework.boot.test.autoconfigure.web.client.MockRestServiceServerResetTestExecutionListener@17ae98d7, org.springframework.boot.test.autoconfigure.web.servlet.MockMvcPrintOnlyOnFailureTestExecutionListener@59221b97, org.springframework.boot.test.autoconfigure.web.servlet.WebDriverTestExecutionListener@6ac4944a, org.springframework.boot.test.autoconfigure.webservices.client.MockWebServiceServerTestExecutionListener@5a772895, org.springframework.boot.test.mock.mockito.ResetMocksTestExecutionListener@39fc6b2c]
17:59:39.368 [Test worker] WARN  DuplicateJsonObjectContextCustomizerFactory$DuplicateJsonObjectContextCustomizer - 

Found multiple occurrences of org.json.JSONObject on the class path:

	jar:file:/C:/Users/tj/.gradle/caches/modules-2/files-2.1/org.json/json/20240303/ebb88e8fb5122b7506d5cf1d69f1ccdb790d22a/json-20240303.jar!/org/json/JSONObject.class
	jar:file:/C:/Users/tj/.gradle/caches/modules-2/files-2.1/com.vaadin.external.google/android-json/0.0.20131108.vaadin1/fa26d351fe62a6a17f5cda1287c1c6110dec413f/android-json-0.0.20131108.vaadin1.jar!/org/json/JSONObject.class

You may wish to exclude one of them to ensure predictable runtime behavior

17:59:39.390 [Test worker] INFO  StudentMapperTest - Starting StudentMapperTest using Java 21.0.7 on DESKTOP-NBP7RID with PID 16512 (started by tj in C:\Users\tj\jsr_StringBoot)
17:59:39.391 [Test worker] INFO  StudentMapperTest - No active profile set, falling back to 1 default profile: "default"
17:59:42.015 [Test worker] INFO  StdSchedulerFactory - Using default implementation for ThreadExecutor
17:59:42.031 [Test worker] INFO  SchedulerSignalerImpl - Initialized Scheduler Signaller of type: class org.quartz.core.SchedulerSignalerImpl
17:59:42.031 [Test worker] INFO  QuartzScheduler - Quartz Scheduler v.2.3.2 created.
17:59:42.034 [Test worker] INFO  RAMJobStore - RAMJobStore initialized.
17:59:42.035 [Test worker] INFO  QuartzScheduler - Scheduler meta-data: Quartz Scheduler (v2.3.2) 'quartzScheduler' with instanceId 'NON_CLUSTERED'
  Scheduler class: 'org.quartz.core.QuartzScheduler' - running locally.
  NOT STARTED.
  Currently in standby mode.
  Number of jobs executed: 0
  Using thread pool 'org.quartz.simpl.SimpleThreadPool' - with 10 threads.
  Using job-store 'org.quartz.simpl.RAMJobStore' - which does not support persistence. and is not clustered.

17:59:42.036 [Test worker] INFO  StdSchedulerFactory - Quartz scheduler 'quartzScheduler' initialized from an externally provided properties instance.
17:59:42.036 [Test worker] INFO  StdSchedulerFactory - Quartz scheduler version: 2.3.2
17:59:42.037 [Test worker] INFO  QuartzScheduler - JobFactory set to: org.springframework.scheduling.quartz.SpringBeanJobFactory@59b447a4
17:59:42.110 [Test worker] INFO  SchedulerFactoryBean - Starting Quartz Scheduler now
17:59:42.111 [Test worker] INFO  QuartzScheduler - Scheduler quartzScheduler_$_NON_CLUSTERED started.
17:59:42.121 [Test worker] INFO  StudentMapperTest - Started StudentMapperTest in 3.114 seconds (JVM running for 4.67)
17:59:42.617 [SpringApplicationShutdownHook] INFO  QuartzScheduler - Scheduler quartzScheduler_$_NON_CLUSTERED paused.
17:59:42.621 [SpringApplicationShutdownHook] INFO  SchedulerFactoryBean - Shutting down Quartz Scheduler
17:59:42.626 [SpringApplicationShutdownHook] INFO  QuartzScheduler - Scheduler quartzScheduler_$_NON_CLUSTERED shutting down.
17:59:42.627 [SpringApplicationShutdownHook] INFO  QuartzScheduler - Scheduler quartzScheduler_$_NON_CLUSTERED paused.
17:59:42.627 [SpringApplicationShutdownHook] INFO  QuartzScheduler - Scheduler quartzScheduler_$_NON_CLUSTERED shutdown complete.
18:00:33.315 [Test worker] INFO  SpringBootTestContextBootstrapper - Neither @ContextConfiguration nor @ContextHierarchy found for test class [com.imchobo.jsr_stringboot.mapper.StudentMapperTest], using SpringBootContextLoader
18:00:33.325 [Test worker] INFO  AbstractContextLoader - Could not detect default resource locations for test class [com.imchobo.jsr_stringboot.mapper.StudentMapperTest]: no resource found for suffixes {-context.xml, Context.groovy}.
18:00:33.326 [Test worker] INFO  AnnotationConfigContextLoaderUtils - Could not detect default configuration classes for test class [com.imchobo.jsr_stringboot.mapper.StudentMapperTest]: StudentMapperTest does not declare any static, non-private, non-final, nested classes annotated with @Configuration.
18:00:33.464 [Test worker] INFO  SpringBootTestContextBootstrapper - Found @SpringBootConfiguration com.imchobo.jsr_stringboot.JsrStringBootApplication for test class com.imchobo.jsr_stringboot.mapper.StudentMapperTest
18:00:33.579 [Test worker] INFO  SpringBootTestContextBootstrapper - Loaded default TestExecutionListener class names from location [META-INF/spring.factories]: [org.springframework.boot.test.autoconfigure.restdocs.RestDocsTestExecutionListener, org.springframework.boot.test.autoconfigure.web.client.MockRestServiceServerResetTestExecutionListener, org.springframework.boot.test.autoconfigure.web.servlet.MockMvcPrintOnlyOnFailureTestExecutionListener, org.springframework.boot.test.autoconfigure.web.servlet.WebDriverTestExecutionListener, org.springframework.boot.test.autoconfigure.webservices.client.MockWebServiceServerTestExecutionListener, org.springframework.boot.test.mock.mockito.MockitoTestExecutionListener, org.springframework.boot.test.mock.mockito.ResetMocksTestExecutionListener, org.springframework.test.context.web.ServletTestExecutionListener, org.springframework.test.context.support.DirtiesContextBeforeModesTestExecutionListener, org.springframework.test.context.event.ApplicationEventsTestExecutionListener, org.springframework.test.context.support.DependencyInjectionTestExecutionListener, org.springframework.test.context.support.DirtiesContextTestExecutionListener, org.springframework.test.context.transaction.TransactionalTestExecutionListener, org.springframework.test.context.jdbc.SqlScriptsTestExecutionListener, org.springframework.test.context.event.EventPublishingTestExecutionListener]
18:00:33.606 [Test worker] INFO  SpringBootTestContextBootstrapper - Using TestExecutionListeners: [org.springframework.test.context.web.ServletTestExecutionListener@51bde877, org.springframework.test.context.support.DirtiesContextBeforeModesTestExecutionListener@60b85ba1, org.springframework.test.context.event.ApplicationEventsTestExecutionListener@492fc69e, org.springframework.boot.test.mock.mockito.MockitoTestExecutionListener@117632cf, org.springframework.boot.test.autoconfigure.SpringBootDependencyInjectionTestExecutionListener@2fb68ec6, org.springframework.test.context.support.DirtiesContextTestExecutionListener@d71adc2, org.springframework.test.context.transaction.TransactionalTestExecutionListener@3add81c4, org.springframework.test.context.jdbc.SqlScriptsTestExecutionListener@1a1d3c1a, org.springframework.test.context.event.EventPublishingTestExecutionListener@1c65121, org.springframework.boot.test.autoconfigure.restdocs.RestDocsTestExecutionListener@159e366, org.springframework.boot.test.autoconfigure.web.client.MockRestServiceServerResetTestExecutionListener@57dc9128, org.springframework.boot.test.autoconfigure.web.servlet.MockMvcPrintOnlyOnFailureTestExecutionListener@24528a25, org.springframework.boot.test.autoconfigure.web.servlet.WebDriverTestExecutionListener@17ae98d7, org.springframework.boot.test.autoconfigure.webservices.client.MockWebServiceServerTestExecutionListener@59221b97, org.springframework.boot.test.mock.mockito.ResetMocksTestExecutionListener@6ac4944a]
18:00:34.025 [Test worker] WARN  DuplicateJsonObjectContextCustomizerFactory$DuplicateJsonObjectContextCustomizer - 

Found multiple occurrences of org.json.JSONObject on the class path:

	jar:file:/C:/Users/tj/.gradle/caches/modules-2/files-2.1/org.json/json/20240303/ebb88e8fb5122b7506d5cf1d69f1ccdb790d22a/json-20240303.jar!/org/json/JSONObject.class
	jar:file:/C:/Users/tj/.gradle/caches/modules-2/files-2.1/com.vaadin.external.google/android-json/0.0.20131108.vaadin1/fa26d351fe62a6a17f5cda1287c1c6110dec413f/android-json-0.0.20131108.vaadin1.jar!/org/json/JSONObject.class

You may wish to exclude one of them to ensure predictable runtime behavior

18:00:34.048 [Test worker] INFO  StudentMapperTest - Starting StudentMapperTest using Java 21.0.7 on DESKTOP-NBP7RID with PID 12784 (started by tj in C:\Users\tj\jsr_StringBoot)
18:00:34.049 [Test worker] INFO  StudentMapperTest - No active profile set, falling back to 1 default profile: "default"
18:00:36.854 [Test worker] INFO  StdSchedulerFactory - Using default implementation for ThreadExecutor
18:00:36.874 [Test worker] INFO  SchedulerSignalerImpl - Initialized Scheduler Signaller of type: class org.quartz.core.SchedulerSignalerImpl
18:00:36.874 [Test worker] INFO  QuartzScheduler - Quartz Scheduler v.2.3.2 created.
18:00:36.877 [Test worker] INFO  RAMJobStore - RAMJobStore initialized.
18:00:36.878 [Test worker] INFO  QuartzScheduler - Scheduler meta-data: Quartz Scheduler (v2.3.2) 'quartzScheduler' with instanceId 'NON_CLUSTERED'
  Scheduler class: 'org.quartz.core.QuartzScheduler' - running locally.
  NOT STARTED.
  Currently in standby mode.
  Number of jobs executed: 0
  Using thread pool 'org.quartz.simpl.SimpleThreadPool' - with 10 threads.
  Using job-store 'org.quartz.simpl.RAMJobStore' - which does not support persistence. and is not clustered.

18:00:36.882 [Test worker] INFO  StdSchedulerFactory - Quartz scheduler 'quartzScheduler' initialized from an externally provided properties instance.
18:00:36.882 [Test worker] INFO  StdSchedulerFactory - Quartz scheduler version: 2.3.2
18:00:36.883 [Test worker] INFO  QuartzScheduler - JobFactory set to: org.springframework.scheduling.quartz.SpringBeanJobFactory@2964511
18:00:36.974 [Test worker] INFO  SchedulerFactoryBean - Starting Quartz Scheduler now
18:00:36.975 [Test worker] INFO  QuartzScheduler - Scheduler quartzScheduler_$_NON_CLUSTERED started.
18:00:36.987 [Test worker] INFO  StudentMapperTest - Started StudentMapperTest in 3.327 seconds (JVM running for 4.98)
18:00:37.533 [Test worker] INFO  sqltiming - INSERT INTO student
    (no,student, kor, mat, eng, sci, soc, total)
values
    ( 0, '학생',  80,  70,  90,  50,  80, 370
    )
 {executed in 15 msec}
18:00:37.541 [Test worker] INFO  StudentMapperTest - Student(student=학생, kor=80, eng=90, mat=70, sci=50, soc=80, total=370, no=0)
18:00:37.584 [SpringApplicationShutdownHook] INFO  QuartzScheduler - Scheduler quartzScheduler_$_NON_CLUSTERED paused.
18:00:37.585 [SpringApplicationShutdownHook] INFO  SchedulerFactoryBean - Shutting down Quartz Scheduler
18:00:37.585 [SpringApplicationShutdownHook] INFO  QuartzScheduler - Scheduler quartzScheduler_$_NON_CLUSTERED shutting down.
18:00:37.585 [SpringApplicationShutdownHook] INFO  QuartzScheduler - Scheduler quartzScheduler_$_NON_CLUSTERED paused.
18:00:37.585 [SpringApplicationShutdownHook] INFO  QuartzScheduler - Scheduler quartzScheduler_$_NON_CLUSTERED shutdown complete.
18:00:47.866 [Test worker] INFO  SpringBootTestContextBootstrapper - Neither @ContextConfiguration nor @ContextHierarchy found for test class [com.imchobo.jsr_stringboot.mapper.StudentMapperTest], using SpringBootContextLoader
18:00:47.875 [Test worker] INFO  AbstractContextLoader - Could not detect default resource locations for test class [com.imchobo.jsr_stringboot.mapper.StudentMapperTest]: no resource found for suffixes {-context.xml, Context.groovy}.
18:00:47.876 [Test worker] INFO  AnnotationConfigContextLoaderUtils - Could not detect default configuration classes for test class [com.imchobo.jsr_stringboot.mapper.StudentMapperTest]: StudentMapperTest does not declare any static, non-private, non-final, nested classes annotated with @Configuration.
18:00:48.002 [Test worker] INFO  SpringBootTestContextBootstrapper - Found @SpringBootConfiguration com.imchobo.jsr_stringboot.JsrStringBootApplication for test class com.imchobo.jsr_stringboot.mapper.StudentMapperTest
18:00:48.105 [Test worker] INFO  SpringBootTestContextBootstrapper - Loaded default TestExecutionListener class names from location [META-INF/spring.factories]: [org.springframework.boot.test.autoconfigure.restdocs.RestDocsTestExecutionListener, org.springframework.boot.test.autoconfigure.web.client.MockRestServiceServerResetTestExecutionListener, org.springframework.boot.test.autoconfigure.web.servlet.MockMvcPrintOnlyOnFailureTestExecutionListener, org.springframework.boot.test.autoconfigure.web.servlet.WebDriverTestExecutionListener, org.springframework.boot.test.autoconfigure.webservices.client.MockWebServiceServerTestExecutionListener, org.springframework.boot.test.mock.mockito.MockitoTestExecutionListener, org.springframework.boot.test.mock.mockito.ResetMocksTestExecutionListener, org.springframework.test.context.web.ServletTestExecutionListener, org.springframework.test.context.support.DirtiesContextBeforeModesTestExecutionListener, org.springframework.test.context.event.ApplicationEventsTestExecutionListener, org.springframework.test.context.support.DependencyInjectionTestExecutionListener, org.springframework.test.context.support.DirtiesContextTestExecutionListener, org.springframework.test.context.transaction.TransactionalTestExecutionListener, org.springframework.test.context.jdbc.SqlScriptsTestExecutionListener, org.springframework.test.context.event.EventPublishingTestExecutionListener]
18:00:48.129 [Test worker] INFO  SpringBootTestContextBootstrapper - Using TestExecutionListeners: [org.springframework.test.context.web.ServletTestExecutionListener@492fc69e, org.springframework.test.context.support.DirtiesContextBeforeModesTestExecutionListener@117632cf, org.springframework.test.context.event.ApplicationEventsTestExecutionListener@2fb68ec6, org.springframework.boot.test.mock.mockito.MockitoTestExecutionListener@d71adc2, org.springframework.boot.test.autoconfigure.SpringBootDependencyInjectionTestExecutionListener@3add81c4, org.springframework.test.context.support.DirtiesContextTestExecutionListener@1a1d3c1a, org.springframework.test.context.transaction.TransactionalTestExecutionListener@1c65121, org.springframework.test.context.jdbc.SqlScriptsTestExecutionListener@159e366, org.springframework.test.context.event.EventPublishingTestExecutionListener@57dc9128, org.springframework.boot.test.autoconfigure.restdocs.RestDocsTestExecutionListener@24528a25, org.springframework.boot.test.autoconfigure.web.client.MockRestServiceServerResetTestExecutionListener@17ae98d7, org.springframework.boot.test.autoconfigure.web.servlet.MockMvcPrintOnlyOnFailureTestExecutionListener@59221b97, org.springframework.boot.test.autoconfigure.web.servlet.WebDriverTestExecutionListener@6ac4944a, org.springframework.boot.test.autoconfigure.webservices.client.MockWebServiceServerTestExecutionListener@5a772895, org.springframework.boot.test.mock.mockito.ResetMocksTestExecutionListener@39fc6b2c]
18:00:48.539 [Test worker] WARN  DuplicateJsonObjectContextCustomizerFactory$DuplicateJsonObjectContextCustomizer - 

Found multiple occurrences of org.json.JSONObject on the class path:

	jar:file:/C:/Users/tj/.gradle/caches/modules-2/files-2.1/org.json/json/20240303/ebb88e8fb5122b7506d5cf1d69f1ccdb790d22a/json-20240303.jar!/org/json/JSONObject.class
	jar:file:/C:/Users/tj/.gradle/caches/modules-2/files-2.1/com.vaadin.external.google/android-json/0.0.20131108.vaadin1/fa26d351fe62a6a17f5cda1287c1c6110dec413f/android-json-0.0.20131108.vaadin1.jar!/org/json/JSONObject.class

You may wish to exclude one of them to ensure predictable runtime behavior

18:00:48.564 [Test worker] INFO  StudentMapperTest - Starting StudentMapperTest using Java 21.0.7 on DESKTOP-NBP7RID with PID 11324 (started by tj in C:\Users\tj\jsr_StringBoot)
18:00:48.565 [Test worker] INFO  StudentMapperTest - No active profile set, falling back to 1 default profile: "default"
18:00:51.232 [Test worker] INFO  StdSchedulerFactory - Using default implementation for ThreadExecutor
18:00:51.249 [Test worker] INFO  SchedulerSignalerImpl - Initialized Scheduler Signaller of type: class org.quartz.core.SchedulerSignalerImpl
18:00:51.249 [Test worker] INFO  QuartzScheduler - Quartz Scheduler v.2.3.2 created.
18:00:51.252 [Test worker] INFO  RAMJobStore - RAMJobStore initialized.
18:00:51.253 [Test worker] INFO  QuartzScheduler - Scheduler meta-data: Quartz Scheduler (v2.3.2) 'quartzScheduler' with instanceId 'NON_CLUSTERED'
  Scheduler class: 'org.quartz.core.QuartzScheduler' - running locally.
  NOT STARTED.
  Currently in standby mode.
  Number of jobs executed: 0
  Using thread pool 'org.quartz.simpl.SimpleThreadPool' - with 10 threads.
  Using job-store 'org.quartz.simpl.RAMJobStore' - which does not support persistence. and is not clustered.

18:00:51.254 [Test worker] INFO  StdSchedulerFactory - Quartz scheduler 'quartzScheduler' initialized from an externally provided properties instance.
18:00:51.255 [Test worker] INFO  StdSchedulerFactory - Quartz scheduler version: 2.3.2
18:00:51.255 [Test worker] INFO  QuartzScheduler - JobFactory set to: org.springframework.scheduling.quartz.SpringBeanJobFactory@69e2fe3b
18:00:51.338 [Test worker] INFO  SchedulerFactoryBean - Starting Quartz Scheduler now
18:00:51.339 [Test worker] INFO  QuartzScheduler - Scheduler quartzScheduler_$_NON_CLUSTERED started.
18:00:51.351 [Test worker] INFO  StudentMapperTest - Started StudentMapperTest in 3.169 seconds (JVM running for 4.734)
18:00:51.805 [Test worker] INFO  sqltiming - INSERT INTO student
    (no,student, kor, mat, eng, sci, soc, total)
values
    ( 0, '학생',  80,  70,  90,  50,  80, 370
    )
 {executed in 12 msec}
18:00:51.812 [Test worker] INFO  StudentMapperTest - Student(student=학생, kor=80, eng=90, mat=70, sci=50, soc=80, total=370, no=0)
18:00:51.853 [SpringApplicationShutdownHook] INFO  QuartzScheduler - Scheduler quartzScheduler_$_NON_CLUSTERED paused.
18:00:51.854 [SpringApplicationShutdownHook] INFO  SchedulerFactoryBean - Shutting down Quartz Scheduler
18:00:51.855 [SpringApplicationShutdownHook] INFO  QuartzScheduler - Scheduler quartzScheduler_$_NON_CLUSTERED shutting down.
18:00:51.855 [SpringApplicationShutdownHook] INFO  QuartzScheduler - Scheduler quartzScheduler_$_NON_CLUSTERED paused.
18:00:51.855 [SpringApplicationShutdownHook] INFO  QuartzScheduler - Scheduler quartzScheduler_$_NON_CLUSTERED shutdown complete.
18:01:59.902 [Test worker] INFO  SpringBootTestContextBootstrapper - Neither @ContextConfiguration nor @ContextHierarchy found for test class [com.imchobo.jsr_stringboot.mapper.StudentMapperTest], using SpringBootContextLoader
18:01:59.912 [Test worker] INFO  AbstractContextLoader - Could not detect default resource locations for test class [com.imchobo.jsr_stringboot.mapper.StudentMapperTest]: no resource found for suffixes {-context.xml, Context.groovy}.
18:01:59.914 [Test worker] INFO  AnnotationConfigContextLoaderUtils - Could not detect default configuration classes for test class [com.imchobo.jsr_stringboot.mapper.StudentMapperTest]: StudentMapperTest does not declare any static, non-private, non-final, nested classes annotated with @Configuration.
18:02:00.054 [Test worker] INFO  SpringBootTestContextBootstrapper - Found @SpringBootConfiguration com.imchobo.jsr_stringboot.JsrStringBootApplication for test class com.imchobo.jsr_stringboot.mapper.StudentMapperTest
18:02:00.169 [Test worker] INFO  SpringBootTestContextBootstrapper - Loaded default TestExecutionListener class names from location [META-INF/spring.factories]: [org.springframework.boot.test.autoconfigure.restdocs.RestDocsTestExecutionListener, org.springframework.boot.test.autoconfigure.web.client.MockRestServiceServerResetTestExecutionListener, org.springframework.boot.test.autoconfigure.web.servlet.MockMvcPrintOnlyOnFailureTestExecutionListener, org.springframework.boot.test.autoconfigure.web.servlet.WebDriverTestExecutionListener, org.springframework.boot.test.autoconfigure.webservices.client.MockWebServiceServerTestExecutionListener, org.springframework.boot.test.mock.mockito.MockitoTestExecutionListener, org.springframework.boot.test.mock.mockito.ResetMocksTestExecutionListener, org.springframework.test.context.web.ServletTestExecutionListener, org.springframework.test.context.support.DirtiesContextBeforeModesTestExecutionListener, org.springframework.test.context.event.ApplicationEventsTestExecutionListener, org.springframework.test.context.support.DependencyInjectionTestExecutionListener, org.springframework.test.context.support.DirtiesContextTestExecutionListener, org.springframework.test.context.transaction.TransactionalTestExecutionListener, org.springframework.test.context.jdbc.SqlScriptsTestExecutionListener, org.springframework.test.context.event.EventPublishingTestExecutionListener]
18:02:00.195 [Test worker] INFO  SpringBootTestContextBootstrapper - Using TestExecutionListeners: [org.springframework.test.context.web.ServletTestExecutionListener@51bde877, org.springframework.test.context.support.DirtiesContextBeforeModesTestExecutionListener@60b85ba1, org.springframework.test.context.event.ApplicationEventsTestExecutionListener@492fc69e, org.springframework.boot.test.mock.mockito.MockitoTestExecutionListener@117632cf, org.springframework.boot.test.autoconfigure.SpringBootDependencyInjectionTestExecutionListener@2fb68ec6, org.springframework.test.context.support.DirtiesContextTestExecutionListener@d71adc2, org.springframework.test.context.transaction.TransactionalTestExecutionListener@3add81c4, org.springframework.test.context.jdbc.SqlScriptsTestExecutionListener@1a1d3c1a, org.springframework.test.context.event.EventPublishingTestExecutionListener@1c65121, org.springframework.boot.test.autoconfigure.restdocs.RestDocsTestExecutionListener@159e366, org.springframework.boot.test.autoconfigure.web.client.MockRestServiceServerResetTestExecutionListener@57dc9128, org.springframework.boot.test.autoconfigure.web.servlet.MockMvcPrintOnlyOnFailureTestExecutionListener@24528a25, org.springframework.boot.test.autoconfigure.web.servlet.WebDriverTestExecutionListener@17ae98d7, org.springframework.boot.test.autoconfigure.webservices.client.MockWebServiceServerTestExecutionListener@59221b97, org.springframework.boot.test.mock.mockito.ResetMocksTestExecutionListener@6ac4944a]
18:02:00.616 [Test worker] WARN  DuplicateJsonObjectContextCustomizerFactory$DuplicateJsonObjectContextCustomizer - 

Found multiple occurrences of org.json.JSONObject on the class path:

	jar:file:/C:/Users/tj/.gradle/caches/modules-2/files-2.1/org.json/json/20240303/ebb88e8fb5122b7506d5cf1d69f1ccdb790d22a/json-20240303.jar!/org/json/JSONObject.class
	jar:file:/C:/Users/tj/.gradle/caches/modules-2/files-2.1/com.vaadin.external.google/android-json/0.0.20131108.vaadin1/fa26d351fe62a6a17f5cda1287c1c6110dec413f/android-json-0.0.20131108.vaadin1.jar!/org/json/JSONObject.class

You may wish to exclude one of them to ensure predictable runtime behavior

18:02:00.636 [Test worker] INFO  StudentMapperTest - Starting StudentMapperTest using Java 21.0.7 on DESKTOP-NBP7RID with PID 11936 (started by tj in C:\Users\tj\jsr_StringBoot)
18:02:00.637 [Test worker] INFO  StudentMapperTest - No active profile set, falling back to 1 default profile: "default"
18:02:03.323 [Test worker] INFO  StdSchedulerFactory - Using default implementation for ThreadExecutor
18:02:03.339 [Test worker] INFO  SchedulerSignalerImpl - Initialized Scheduler Signaller of type: class org.quartz.core.SchedulerSignalerImpl
18:02:03.340 [Test worker] INFO  QuartzScheduler - Quartz Scheduler v.2.3.2 created.
18:02:03.341 [Test worker] INFO  RAMJobStore - RAMJobStore initialized.
18:02:03.343 [Test worker] INFO  QuartzScheduler - Scheduler meta-data: Quartz Scheduler (v2.3.2) 'quartzScheduler' with instanceId 'NON_CLUSTERED'
  Scheduler class: 'org.quartz.core.QuartzScheduler' - running locally.
  NOT STARTED.
  Currently in standby mode.
  Number of jobs executed: 0
  Using thread pool 'org.quartz.simpl.SimpleThreadPool' - with 10 threads.
  Using job-store 'org.quartz.simpl.RAMJobStore' - which does not support persistence. and is not clustered.

18:02:03.343 [Test worker] INFO  StdSchedulerFactory - Quartz scheduler 'quartzScheduler' initialized from an externally provided properties instance.
18:02:03.344 [Test worker] INFO  StdSchedulerFactory - Quartz scheduler version: 2.3.2
18:02:03.344 [Test worker] INFO  QuartzScheduler - JobFactory set to: org.springframework.scheduling.quartz.SpringBeanJobFactory@7d284f15
18:02:03.429 [Test worker] INFO  SchedulerFactoryBean - Starting Quartz Scheduler now
18:02:03.429 [Test worker] INFO  QuartzScheduler - Scheduler quartzScheduler_$_NON_CLUSTERED started.
18:02:03.442 [Test worker] INFO  StudentMapperTest - Started StudentMapperTest in 3.188 seconds (JVM running for 4.839)
18:02:04.067 [Test worker] INFO  sqltiming - INSERT INTO student
    (student, kor, mat, eng, sci, soc, total)
values
    (  '학생',  80,  70,  90,  50,  80, 370
    )
 {executed in 15 msec}
18:02:04.075 [Test worker] INFO  StudentMapperTest - Student(student=학생, kor=80, eng=90, mat=70, sci=50, soc=80, total=370, no=0)
18:02:04.123 [SpringApplicationShutdownHook] INFO  QuartzScheduler - Scheduler quartzScheduler_$_NON_CLUSTERED paused.
18:02:04.123 [SpringApplicationShutdownHook] INFO  SchedulerFactoryBean - Shutting down Quartz Scheduler
18:02:04.123 [SpringApplicationShutdownHook] INFO  QuartzScheduler - Scheduler quartzScheduler_$_NON_CLUSTERED shutting down.
18:02:04.123 [SpringApplicationShutdownHook] INFO  QuartzScheduler - Scheduler quartzScheduler_$_NON_CLUSTERED paused.
18:02:04.124 [SpringApplicationShutdownHook] INFO  QuartzScheduler - Scheduler quartzScheduler_$_NON_CLUSTERED shutdown complete.
18:22:46.022 [Test worker] INFO  SpringBootTestContextBootstrapper - Neither @ContextConfiguration nor @ContextHierarchy found for test class [com.imchobo.jsr_stringboot.mapper.StudentMapperTest], using SpringBootContextLoader
18:22:46.034 [Test worker] INFO  AbstractContextLoader - Could not detect default resource locations for test class [com.imchobo.jsr_stringboot.mapper.StudentMapperTest]: no resource found for suffixes {-context.xml, Context.groovy}.
18:22:46.037 [Test worker] INFO  AnnotationConfigContextLoaderUtils - Could not detect default configuration classes for test class [com.imchobo.jsr_stringboot.mapper.StudentMapperTest]: StudentMapperTest does not declare any static, non-private, non-final, nested classes annotated with @Configuration.
18:22:46.170 [Test worker] INFO  SpringBootTestContextBootstrapper - Found @SpringBootConfiguration com.imchobo.jsr_stringboot.JsrStringBootApplication for test class com.imchobo.jsr_stringboot.mapper.StudentMapperTest
18:22:46.284 [Test worker] INFO  SpringBootTestContextBootstrapper - Loaded default TestExecutionListener class names from location [META-INF/spring.factories]: [org.springframework.boot.test.autoconfigure.restdocs.RestDocsTestExecutionListener, org.springframework.boot.test.autoconfigure.web.client.MockRestServiceServerResetTestExecutionListener, org.springframework.boot.test.autoconfigure.web.servlet.MockMvcPrintOnlyOnFailureTestExecutionListener, org.springframework.boot.test.autoconfigure.web.servlet.WebDriverTestExecutionListener, org.springframework.boot.test.autoconfigure.webservices.client.MockWebServiceServerTestExecutionListener, org.springframework.boot.test.mock.mockito.MockitoTestExecutionListener, org.springframework.boot.test.mock.mockito.ResetMocksTestExecutionListener, org.springframework.test.context.web.ServletTestExecutionListener, org.springframework.test.context.support.DirtiesContextBeforeModesTestExecutionListener, org.springframework.test.context.event.ApplicationEventsTestExecutionListener, org.springframework.test.context.support.DependencyInjectionTestExecutionListener, org.springframework.test.context.support.DirtiesContextTestExecutionListener, org.springframework.test.context.transaction.TransactionalTestExecutionListener, org.springframework.test.context.jdbc.SqlScriptsTestExecutionListener, org.springframework.test.context.event.EventPublishingTestExecutionListener]
18:22:46.311 [Test worker] INFO  SpringBootTestContextBootstrapper - Using TestExecutionListeners: [org.springframework.test.context.web.ServletTestExecutionListener@2fb68ec6, org.springframework.test.context.support.DirtiesContextBeforeModesTestExecutionListener@d71adc2, org.springframework.test.context.event.ApplicationEventsTestExecutionListener@3add81c4, org.springframework.boot.test.mock.mockito.MockitoTestExecutionListener@1a1d3c1a, org.springframework.boot.test.autoconfigure.SpringBootDependencyInjectionTestExecutionListener@1c65121, org.springframework.test.context.support.DirtiesContextTestExecutionListener@159e366, org.springframework.test.context.transaction.TransactionalTestExecutionListener@57dc9128, org.springframework.test.context.jdbc.SqlScriptsTestExecutionListener@24528a25, org.springframework.test.context.event.EventPublishingTestExecutionListener@17ae98d7, org.springframework.boot.test.autoconfigure.restdocs.RestDocsTestExecutionListener@59221b97, org.springframework.boot.test.autoconfigure.web.client.MockRestServiceServerResetTestExecutionListener@6ac4944a, org.springframework.boot.test.autoconfigure.web.servlet.MockMvcPrintOnlyOnFailureTestExecutionListener@5a772895, org.springframework.boot.test.autoconfigure.web.servlet.WebDriverTestExecutionListener@39fc6b2c, org.springframework.boot.test.autoconfigure.webservices.client.MockWebServiceServerTestExecutionListener@704b2127, org.springframework.boot.test.mock.mockito.ResetMocksTestExecutionListener@3ee39da0]
18:22:46.742 [Test worker] WARN  DuplicateJsonObjectContextCustomizerFactory$DuplicateJsonObjectContextCustomizer - 

Found multiple occurrences of org.json.JSONObject on the class path:

	jar:file:/C:/Users/tj/.gradle/caches/modules-2/files-2.1/org.json/json/20240303/ebb88e8fb5122b7506d5cf1d69f1ccdb790d22a/json-20240303.jar!/org/json/JSONObject.class
	jar:file:/C:/Users/tj/.gradle/caches/modules-2/files-2.1/com.vaadin.external.google/android-json/0.0.20131108.vaadin1/fa26d351fe62a6a17f5cda1287c1c6110dec413f/android-json-0.0.20131108.vaadin1.jar!/org/json/JSONObject.class

You may wish to exclude one of them to ensure predictable runtime behavior

18:22:46.781 [Test worker] INFO  StudentMapperTest - Starting StudentMapperTest using Java 21.0.7 on DESKTOP-NBP7RID with PID 3564 (started by tj in C:\Users\tj\jsr_StringBoot)
18:22:46.782 [Test worker] INFO  StudentMapperTest - No active profile set, falling back to 1 default profile: "default"
18:22:49.694 [Test worker] INFO  StdSchedulerFactory - Using default implementation for ThreadExecutor
18:22:49.711 [Test worker] INFO  SchedulerSignalerImpl - Initialized Scheduler Signaller of type: class org.quartz.core.SchedulerSignalerImpl
18:22:49.712 [Test worker] INFO  QuartzScheduler - Quartz Scheduler v.2.3.2 created.
18:22:49.715 [Test worker] INFO  RAMJobStore - RAMJobStore initialized.
18:22:49.716 [Test worker] INFO  QuartzScheduler - Scheduler meta-data: Quartz Scheduler (v2.3.2) 'quartzScheduler' with instanceId 'NON_CLUSTERED'
  Scheduler class: 'org.quartz.core.QuartzScheduler' - running locally.
  NOT STARTED.
  Currently in standby mode.
  Number of jobs executed: 0
  Using thread pool 'org.quartz.simpl.SimpleThreadPool' - with 10 threads.
  Using job-store 'org.quartz.simpl.RAMJobStore' - which does not support persistence. and is not clustered.

18:22:49.717 [Test worker] INFO  StdSchedulerFactory - Quartz scheduler 'quartzScheduler' initialized from an externally provided properties instance.
18:22:49.717 [Test worker] INFO  StdSchedulerFactory - Quartz scheduler version: 2.3.2
18:22:49.719 [Test worker] INFO  QuartzScheduler - JobFactory set to: org.springframework.scheduling.quartz.SpringBeanJobFactory@69ba3f4e
18:22:49.802 [Test worker] INFO  SchedulerFactoryBean - Starting Quartz Scheduler now
18:22:49.802 [Test worker] INFO  QuartzScheduler - Scheduler quartzScheduler_$_NON_CLUSTERED started.
18:22:49.814 [Test worker] INFO  StudentMapperTest - Started StudentMapperTest in 3.447 seconds (JVM running for 5.184)
18:22:50.320 [Test worker] INFO  sqltiming - delete from student where no = 9
 {executed in 9 msec}
18:22:50.368 [SpringApplicationShutdownHook] INFO  QuartzScheduler - Scheduler quartzScheduler_$_NON_CLUSTERED paused.
18:22:50.373 [SpringApplicationShutdownHook] INFO  SchedulerFactoryBean - Shutting down Quartz Scheduler
18:22:50.374 [SpringApplicationShutdownHook] INFO  QuartzScheduler - Scheduler quartzScheduler_$_NON_CLUSTERED shutting down.
18:22:50.375 [SpringApplicationShutdownHook] INFO  QuartzScheduler - Scheduler quartzScheduler_$_NON_CLUSTERED paused.
18:22:50.375 [SpringApplicationShutdownHook] INFO  QuartzScheduler - Scheduler quartzScheduler_$_NON_CLUSTERED shutdown complete.
18:23:06.546 [Test worker] INFO  SpringBootTestContextBootstrapper - Neither @ContextConfiguration nor @ContextHierarchy found for test class [com.imchobo.jsr_stringboot.mapper.StudentMapperTest], using SpringBootContextLoader
18:23:06.556 [Test worker] INFO  AbstractContextLoader - Could not detect default resource locations for test class [com.imchobo.jsr_stringboot.mapper.StudentMapperTest]: no resource found for suffixes {-context.xml, Context.groovy}.
18:23:06.557 [Test worker] INFO  AnnotationConfigContextLoaderUtils - Could not detect default configuration classes for test class [com.imchobo.jsr_stringboot.mapper.StudentMapperTest]: StudentMapperTest does not declare any static, non-private, non-final, nested classes annotated with @Configuration.
18:23:06.685 [Test worker] INFO  SpringBootTestContextBootstrapper - Found @SpringBootConfiguration com.imchobo.jsr_stringboot.JsrStringBootApplication for test class com.imchobo.jsr_stringboot.mapper.StudentMapperTest
18:23:06.795 [Test worker] INFO  SpringBootTestContextBootstrapper - Loaded default TestExecutionListener class names from location [META-INF/spring.factories]: [org.springframework.boot.test.autoconfigure.restdocs.RestDocsTestExecutionListener, org.springframework.boot.test.autoconfigure.web.client.MockRestServiceServerResetTestExecutionListener, org.springframework.boot.test.autoconfigure.web.servlet.MockMvcPrintOnlyOnFailureTestExecutionListener, org.springframework.boot.test.autoconfigure.web.servlet.WebDriverTestExecutionListener, org.springframework.boot.test.autoconfigure.webservices.client.MockWebServiceServerTestExecutionListener, org.springframework.boot.test.mock.mockito.MockitoTestExecutionListener, org.springframework.boot.test.mock.mockito.ResetMocksTestExecutionListener, org.springframework.test.context.web.ServletTestExecutionListener, org.springframework.test.context.support.DirtiesContextBeforeModesTestExecutionListener, org.springframework.test.context.event.ApplicationEventsTestExecutionListener, org.springframework.test.context.support.DependencyInjectionTestExecutionListener, org.springframework.test.context.support.DirtiesContextTestExecutionListener, org.springframework.test.context.transaction.TransactionalTestExecutionListener, org.springframework.test.context.jdbc.SqlScriptsTestExecutionListener, org.springframework.test.context.event.EventPublishingTestExecutionListener]
18:23:06.823 [Test worker] INFO  SpringBootTestContextBootstrapper - Using TestExecutionListeners: [org.springframework.test.context.web.ServletTestExecutionListener@2fb68ec6, org.springframework.test.context.support.DirtiesContextBeforeModesTestExecutionListener@d71adc2, org.springframework.test.context.event.ApplicationEventsTestExecutionListener@3add81c4, org.springframework.boot.test.mock.mockito.MockitoTestExecutionListener@1a1d3c1a, org.springframework.boot.test.autoconfigure.SpringBootDependencyInjectionTestExecutionListener@1c65121, org.springframework.test.context.support.DirtiesContextTestExecutionListener@159e366, org.springframework.test.context.transaction.TransactionalTestExecutionListener@57dc9128, org.springframework.test.context.jdbc.SqlScriptsTestExecutionListener@24528a25, org.springframework.test.context.event.EventPublishingTestExecutionListener@17ae98d7, org.springframework.boot.test.autoconfigure.restdocs.RestDocsTestExecutionListener@59221b97, org.springframework.boot.test.autoconfigure.web.client.MockRestServiceServerResetTestExecutionListener@6ac4944a, org.springframework.boot.test.autoconfigure.web.servlet.MockMvcPrintOnlyOnFailureTestExecutionListener@5a772895, org.springframework.boot.test.autoconfigure.web.servlet.WebDriverTestExecutionListener@39fc6b2c, org.springframework.boot.test.autoconfigure.webservices.client.MockWebServiceServerTestExecutionListener@704b2127, org.springframework.boot.test.mock.mockito.ResetMocksTestExecutionListener@3ee39da0]
18:23:07.224 [Test worker] WARN  DuplicateJsonObjectContextCustomizerFactory$DuplicateJsonObjectContextCustomizer - 

Found multiple occurrences of org.json.JSONObject on the class path:

	jar:file:/C:/Users/tj/.gradle/caches/modules-2/files-2.1/org.json/json/20240303/ebb88e8fb5122b7506d5cf1d69f1ccdb790d22a/json-20240303.jar!/org/json/JSONObject.class
	jar:file:/C:/Users/tj/.gradle/caches/modules-2/files-2.1/com.vaadin.external.google/android-json/0.0.20131108.vaadin1/fa26d351fe62a6a17f5cda1287c1c6110dec413f/android-json-0.0.20131108.vaadin1.jar!/org/json/JSONObject.class

You may wish to exclude one of them to ensure predictable runtime behavior

18:23:07.244 [Test worker] INFO  StudentMapperTest - Starting StudentMapperTest using Java 21.0.7 on DESKTOP-NBP7RID with PID 7432 (started by tj in C:\Users\tj\jsr_StringBoot)
18:23:07.245 [Test worker] INFO  StudentMapperTest - No active profile set, falling back to 1 default profile: "default"
18:23:09.794 [Test worker] INFO  StdSchedulerFactory - Using default implementation for ThreadExecutor
18:23:09.810 [Test worker] INFO  SchedulerSignalerImpl - Initialized Scheduler Signaller of type: class org.quartz.core.SchedulerSignalerImpl
18:23:09.810 [Test worker] INFO  QuartzScheduler - Quartz Scheduler v.2.3.2 created.
18:23:09.813 [Test worker] INFO  RAMJobStore - RAMJobStore initialized.
18:23:09.815 [Test worker] INFO  QuartzScheduler - Scheduler meta-data: Quartz Scheduler (v2.3.2) 'quartzScheduler' with instanceId 'NON_CLUSTERED'
  Scheduler class: 'org.quartz.core.QuartzScheduler' - running locally.
  NOT STARTED.
  Currently in standby mode.
  Number of jobs executed: 0
  Using thread pool 'org.quartz.simpl.SimpleThreadPool' - with 10 threads.
  Using job-store 'org.quartz.simpl.RAMJobStore' - which does not support persistence. and is not clustered.

18:23:09.817 [Test worker] INFO  StdSchedulerFactory - Quartz scheduler 'quartzScheduler' initialized from an externally provided properties instance.
18:23:09.817 [Test worker] INFO  StdSchedulerFactory - Quartz scheduler version: 2.3.2
18:23:09.818 [Test worker] INFO  QuartzScheduler - JobFactory set to: org.springframework.scheduling.quartz.SpringBeanJobFactory@6f3b13d0
18:23:09.909 [Test worker] INFO  SchedulerFactoryBean - Starting Quartz Scheduler now
18:23:09.909 [Test worker] INFO  QuartzScheduler - Scheduler quartzScheduler_$_NON_CLUSTERED started.
18:23:09.920 [Test worker] INFO  StudentMapperTest - Started StudentMapperTest in 3.042 seconds (JVM running for 4.558)
18:23:10.332 [Test worker] INFO  sqltiming - select * from student
 {executed in 7 msec}
18:23:10.361 [Test worker] INFO  StudentMapperTest - [Student(student=학생, kor=90, eng=90, mat=10, sci=20, soc=100, total=0, no=1), Student(student=학생, kor=80, eng=50, mat=100, sci=40, soc=20, total=0, no=2), Student(student=학생, kor=70, eng=70, mat=80, sci=60, soc=100, total=0, no=3), Student(student=학생, kor=50, eng=70, mat=50, sci=50, soc=100, total=0, no=4), Student(student=학생, kor=40, eng=70, mat=70, sci=70, soc=100, total=0, no=6), Student(student=학생, kor=90, eng=50, mat=80, sci=60, soc=70, total=0, no=10), Student(student=학생, kor=80, eng=90, mat=70, sci=50, soc=80, total=370, no=11), Student(student=학생, kor=80, eng=90, mat=70, sci=50, soc=80, total=370, no=12), Student(student=학생, kor=80, eng=90, mat=70, sci=50, soc=80, total=370, no=13)]
18:23:10.425 [SpringApplicationShutdownHook] INFO  QuartzScheduler - Scheduler quartzScheduler_$_NON_CLUSTERED paused.
18:23:10.428 [SpringApplicationShutdownHook] INFO  SchedulerFactoryBean - Shutting down Quartz Scheduler
18:23:10.429 [SpringApplicationShutdownHook] INFO  QuartzScheduler - Scheduler quartzScheduler_$_NON_CLUSTERED shutting down.
18:23:10.430 [SpringApplicationShutdownHook] INFO  QuartzScheduler - Scheduler quartzScheduler_$_NON_CLUSTERED paused.
18:23:10.430 [SpringApplicationShutdownHook] INFO  QuartzScheduler - Scheduler quartzScheduler_$_NON_CLUSTERED shutdown complete.
